[-GLOBAL-] Sun Sep 13 13:01:33 2009: start_bots: rehashing
[-GLOBAL-] Sun Sep 13 13:01:33 2009: bot_rehash: avant quit_all_bots
[-GLOBAL-] Sun Sep 13 13:01:33 2009: bot_rehash: avant readcfg
[-GLOBAL-] Sun Sep 13 13:01:33 2009: bot_rehash: avant readlevelfiles
[-GLOBAL-] Sun Sep 13 13:01:33 2009: bot_rehash: avant start_all_bots
[-GLOBAL-] Sun Sep 13 13:01:33 2009: start_bots: reconnect
[-GLOBAL-] Sun Sep 13 13:01:33 2009: start_bots: reconnect
[-GLOBAL-] Sun Sep 13 13:01:33 2009: start_bots: reconnect
[-GLOBAL-] Sun Sep 13 13:01:33 2009: start_bots: reconnect
[-GLOBAL-] Sun Sep 13 13:01:33 2009: start_bots: reconnect
[-GLOBAL-] Sun Sep 13 13:01:33 2009: start_bots: reconnect
[-GLOBAL-] Sun Sep 13 13:01:33 2009: start_bots: reconnect
[-GLOBAL-] Sun Sep 13 13:01:33 2009: start_bots: reconnect
[-GLOBAL-] Sun Sep 13 13:01:33 2009: start_bots: reconnect
[-GLOBAL-] Sun Sep 13 13:01:33 2009: start_bots: reconnect
[-GLOBAL-] Sun Sep 13 13:01:33 2009: start_bots: reconnect
[-GLOBAL-] Sun Sep 13 13:01:33 2009: start_bots: reconnect
[-GLOBAL-] Sun Sep 13 13:01:33 2009: start_bots: reconnect
[-GLOBAL-] Sun Sep 13 13:01:33 2009: start_bots: reconnect
[-GLOBAL-] Sun Sep 13 13:01:33 2009: start_bots: reconnect
[-GLOBAL-] Sun Sep 13 13:01:33 2009: start_bots: reconnect
[-GLOBAL-] Sun Sep 13 13:01:33 2009: start_bots: reconnect
[-GLOBAL-] Sun Sep 13 13:01:33 2009: start_bots: reconnect
[-GLOBAL-] Sun Sep 13 13:01:33 2009: start_bots: reconnect
[-GLOBAL-] Sun Sep 13 13:01:33 2009: start_bots: reconnect
[-GLOBAL-] Sun Sep 13 13:01:33 2009: start_bots: reconnect
[-GLOBAL-] Sun Sep 13 13:01:33 2009: start_bots: reconnect
[-GLOBAL-] Sun Sep 13 13:01:33 2009: start_bots: reconnect
[-GLOBAL-] Sun Sep 13 13:01:33 2009: start_bots: reconnect
[-GLOBAL-] Sun Sep 13 13:01:33 2009: start_bots: reconnect
[-GLOBAL-] Sun Sep 13 13:01:33 2009: start_bots: reconnect
[-GLOBAL-] Sun Sep 13 13:01:33 2009: start_bots: reconnect
[-GLOBAL-] Sun Sep 13 13:01:33 2009: start_bots: reconnect
[-GLOBAL-] Sun Sep 13 13:01:33 2009: start_bots: reconnect
[-GLOBAL-] Sun Sep 13 13:01:33 2009: start_bots: reconnect
[-GLOBAL-] Sun Sep 13 13:01:33 2009: start_bots: reconnect
[-GLOBAL-] Sun Sep 13 13:01:33 2009: start_bots: reconnect
[-GLOBAL-] Sun Sep 13 13:01:33 2009: start_bots: reconnect
[-GLOBAL-] Sun Sep 13 13:01:33 2009: start_bots: reconnect
[-GLOBAL-] Sun Sep 13 13:01:33 2009: start_bots: reconnect
[-GLOBAL-] Sun Sep 13 13:01:33 2009: start_bots: reconnect
[-GLOBAL-] Sun Sep 13 13:01:33 2009: start_bots: reconnect
[-GLOBAL-] Sun Sep 13 13:01:33 2009: start_bots: reconnect
[-GLOBAL-] Sun Sep 13 13:01:33 2009: start_bots: reconnect
[-GLOBAL-] Sun Sep 13 13:01:33 2009: start_bots: reconnect
[-GLOBAL-] Sun Sep 13 13:01:33 2009: start_bots: reconnect
[-GLOBAL-] Sun Sep 13 13:01:33 2009: start_bots: reconnect
[-GLOBAL-] Sun Sep 13 13:01:33 2009: start_bots: reconnect
[-GLOBAL-] Sun Sep 13 13:01:33 2009: start_bots: reconnect
[-GLOBAL-] Sun Sep 13 13:01:33 2009: start_bots: reconnect
[-GLOBAL-] Sun Sep 13 13:01:33 2009: start_bots: reconnect
[-GLOBAL-] Sun Sep 13 13:01:33 2009: start_bots: reconnect
[-GLOBAL-] Sun Sep 13 13:01:33 2009: start_bots: reconnect
[-GLOBAL-] Sun Sep 13 13:01:33 2009: start_bots: reconnect
[-GLOBAL-] Sun Sep 13 13:01:33 2009: start_bots: reconnect
[-GLOBAL-] Sun Sep 13 13:01:33 2009: start_bots: reconnect
[-GLOBAL-] Sun Sep 13 13:01:33 2009: start_bots: reconnect
[-GLOBAL-] Sun Sep 13 13:01:33 2009: start_bots: reconnect
[-GLOBAL-] Sun Sep 13 13:01:33 2009: start_bots: reconnect
[-GLOBAL-] Sun Sep 13 13:01:33 2009: start_bots: reconnect
[-GLOBAL-] Sun Sep 13 13:01:33 2009: start_bots: reconnect
[-GLOBAL-] Sun Sep 13 13:01:33 2009: start_bots: reconnect
[-GLOBAL-] Sun Sep 13 13:01:33 2009: start_bots: reconnect
[-GLOBAL-] Sun Sep 13 13:01:33 2009: start_bots: reconnect
[-GLOBAL-] Sun Sep 13 13:01:33 2009: start_bots: reconnect
[-GLOBAL-] Sun Sep 13 13:01:33 2009: start_bots: reconnect
[-GLOBAL-] Sun Sep 13 13:01:33 2009: start_bots: reconnect
[-GLOBAL-] Sun Sep 13 13:01:33 2009: start_bots: reconnect
[-GLOBAL-] Sun Sep 13 13:01:33 2009: start_bots: reconnect
[-GLOBAL-] Sun Sep 13 13:01:33 2009: start_bots: reconnect
[-GLOBAL-] Sun Sep 13 13:01:33 2009: start_bots: reconnect
[-GLOBAL-] Sun Sep 13 13:01:33 2009: start_bots: reconnect
[-GLOBAL-] Sun Sep 13 13:01:33 2009: start_bots: reconnect
[-GLOBAL-] Sun Sep 13 13:01:33 2009: start_bots: reconnect
[-GLOBAL-] Sun Sep 13 13:01:33 2009: start_bots: reconnect
[-GLOBAL-] Sun Sep 13 13:01:35 2009: start_bots: reconnect
[-GLOBAL-] Sun Sep 13 13:01:35 2009: start_bots: reconnect
[-GLOBAL-] Sun Sep 13 13:01:35 2009: start_bots: reconnect
[-GLOBAL-] Sun Sep 13 13:01:35 2009: start_bots: reconnect
[-GLOBAL-] Sun Sep 13 13:01:35 2009: start_bots: reconnect
[-GLOBAL-] Sun Sep 13 13:01:35 2009: start_bots: reconnect
[-GLOBAL-] Sun Sep 13 13:01:35 2009: start_bots: reconnect
[-GLOBAL-] Sun Sep 13 13:01:35 2009: start_bots: reconnect
[-GLOBAL-] Sun Sep 13 13:01:35 2009: start_bots: reconnect
[-GLOBAL-] Sun Sep 13 13:01:35 2009: start_bots: reconnect
[-GLOBAL-] Sun Sep 13 13:01:35 2009: start_bots: reconnect
[-GLOBAL-] Sun Sep 13 13:01:36 2009: start_bots: reconnect
[-GLOBAL-] Sun Sep 13 13:01:36 2009: start_bots: reconnect
[-GLOBAL-] Sun Sep 13 13:01:38 2009: start_bots: reconnect
[-GLOBAL-] Sun Sep 13 13:01:38 2009: start_bots: reconnect
[-GLOBAL-] Sun Sep 13 13:01:40 2009: start_bots: reconnect
[-GLOBAL-] Sun Sep 13 13:01:44 2009: start_bots: reconnect
[-GLOBAL-] Sun Sep 13 13:01:46 2009: start_bots: reconnect
[-GLOBAL-] Sun Sep 13 13:01:46 2009: start_bots: reconnect
[-GLOBAL-] Sun Sep 13 13:01:48 2009: start_bots: reconnect
[-GLOBAL-] Sun Sep 13 13:01:48 2009: start_bots: reconnect
[-GLOBAL-] Sun Sep 13 13:01:50 2009: start_bots: reconnect
[-GLOBAL-] Sun Sep 13 13:01:50 2009: start_bots: reconnect
[-GLOBAL-] Sun Sep 13 13:01:52 2009: start_bots: reconnect
[-GLOBAL-] Sun Sep 13 13:02:24 2009: start_bots: reconnect
[-GLOBAL-] Sun Sep 13 13:02:24 2009: start_bots: reconnect
[-GLOBAL-] Sun Sep 13 13:02:24 2009: start_bots: reconnect
[-GLOBAL-] Sun Sep 13 13:03:04 2009: start_bots: reconnect
[-GLOBAL-] Sun Sep 13 13:03:44 2009: start_bots: reconnect
[-GLOBAL-] Sun Sep 13 13:04:24 2009: start_bots: reconnect
[-GLOBAL-] Sun Sep 13 13:05:04 2009: start_bots: reconnect
[-GLOBAL-] Sun Sep 13 13:05:04 2009: start_bots: reconnect
[-GLOBAL-] Sun Sep 13 13:05:44 2009: start_bots: reconnect
[-GLOBAL-] Sun Sep 13 13:06:24 2009: start_bots: reconnect
[-GLOBAL-] Sun Sep 13 13:07:04 2009: start_bots: reconnect
[-GLOBAL-] Sun Sep 13 13:07:44 2009: start_bots: reconnect
[-GLOBAL-] Sun Sep 13 13:08:05 2009: start_bots: reconnect
[-GLOBAL-] Sun Sep 13 13:08:45 2009: start_bots: reconnect
[-GLOBAL-] Sun Sep 13 13:09:25 2009: start_bots: reconnect
[-GLOBAL-] Sun Sep 13 13:10:03 2009: start_bots: reconnect
[-GLOBAL-] Sun Sep 13 13:10:10 2009: start_bots: reconnect
[-GLOBAL-] Sun Sep 13 13:10:16 2009: SIGNING OFF: Control-C (sigint) received
[-GLOBAL-] Tue Sep 15 00:48:49 2009: start_bots: rehashing
[-GLOBAL-] Tue Sep 15 00:48:53 2009: SIGNING OFF: Control-C (sigint) received
[-GLOBAL-] Tue Sep 15 00:49:11 2009: start_bots: rehashing
[-GLOBAL-] Tue Sep 15 00:49:11 2009: start_bots: reconnect
[-GLOBAL-] Tue Sep 15 00:49:11 2009: start_bots: reconnect
[-GLOBAL-] Tue Sep 15 00:49:11 2009: start_bots: reconnect
[-GLOBAL-] Tue Sep 15 00:49:11 2009: start_bots: reconnect
[-GLOBAL-] Tue Sep 15 00:49:11 2009: start_bots: reconnect
[-GLOBAL-] Tue Sep 15 00:49:11 2009: start_bots: reconnect
[-GLOBAL-] Tue Sep 15 00:49:11 2009: start_bots: reconnect
[-GLOBAL-] Tue Sep 15 00:49:11 2009: start_bots: reconnect
[-GLOBAL-] Tue Sep 15 00:49:11 2009: start_bots: reconnect
[-GLOBAL-] Tue Sep 15 00:49:11 2009: start_bots: reconnect
[-GLOBAL-] Tue Sep 15 00:49:11 2009: start_bots: reconnect
[-GLOBAL-] Tue Sep 15 00:49:11 2009: start_bots: reconnect
[-GLOBAL-] Tue Sep 15 00:49:11 2009: start_bots: reconnect
[-GLOBAL-] Tue Sep 15 00:49:11 2009: start_bots: reconnect
[-GLOBAL-] Tue Sep 15 00:49:11 2009: start_bots: reconnect
[-GLOBAL-] Tue Sep 15 00:49:11 2009: start_bots: reconnect
[-GLOBAL-] Tue Sep 15 00:49:12 2009: start_bots: reconnect
[-GLOBAL-] Tue Sep 15 00:49:12 2009: start_bots: reconnect
[-GLOBAL-] Tue Sep 15 00:49:12 2009: start_bots: reconnect
[-GLOBAL-] Tue Sep 15 00:49:12 2009: start_bots: reconnect
[-GLOBAL-] Tue Sep 15 00:49:12 2009: start_bots: reconnect
[-GLOBAL-] Tue Sep 15 00:49:12 2009: start_bots: reconnect
[-GLOBAL-] Tue Sep 15 00:49:12 2009: start_bots: reconnect
[-GLOBAL-] Tue Sep 15 00:49:12 2009: start_bots: reconnect
[-GLOBAL-] Tue Sep 15 00:49:12 2009: start_bots: reconnect
[-GLOBAL-] Tue Sep 15 00:49:12 2009: start_bots: reconnect
[-GLOBAL-] Tue Sep 15 00:49:12 2009: start_bots: reconnect
[-GLOBAL-] Tue Sep 15 00:49:12 2009: start_bots: reconnect
[-GLOBAL-] Tue Sep 15 00:49:12 2009: start_bots: reconnect
[-GLOBAL-] Tue Sep 15 00:49:12 2009: start_bots: reconnect
[-GLOBAL-] Tue Sep 15 00:49:12 2009: start_bots: reconnect
[-GLOBAL-] Tue Sep 15 00:49:12 2009: start_bots: reconnect
[-GLOBAL-] Tue Sep 15 00:49:12 2009: start_bots: reconnect
[-GLOBAL-] Tue Sep 15 00:49:12 2009: start_bots: reconnect
[-GLOBAL-] Tue Sep 15 00:49:12 2009: start_bots: reconnect
[-GLOBAL-] Tue Sep 15 00:49:12 2009: start_bots: reconnect
[-GLOBAL-] Tue Sep 15 00:49:12 2009: start_bots: reconnect
[-GLOBAL-] Tue Sep 15 00:49:12 2009: start_bots: reconnect
[-GLOBAL-] Tue Sep 15 00:49:12 2009: start_bots: reconnect
[-GLOBAL-] Tue Sep 15 00:49:12 2009: start_bots: reconnect
[-GLOBAL-] Tue Sep 15 00:49:12 2009: start_bots: reconnect
[-GLOBAL-] Tue Sep 15 00:49:12 2009: start_bots: reconnect
[-GLOBAL-] Tue Sep 15 00:49:12 2009: start_bots: reconnect
[-GLOBAL-] Tue Sep 15 00:49:12 2009: start_bots: reconnect
[-GLOBAL-] Tue Sep 15 00:49:12 2009: start_bots: reconnect
[-GLOBAL-] Tue Sep 15 00:49:12 2009: start_bots: reconnect
[-GLOBAL-] Tue Sep 15 00:49:12 2009: start_bots: reconnect
[-GLOBAL-] Tue Sep 15 00:49:12 2009: start_bots: reconnect
[-GLOBAL-] Tue Sep 15 00:49:12 2009: start_bots: reconnect
[-GLOBAL-] Tue Sep 15 00:49:12 2009: start_bots: reconnect
[-GLOBAL-] Tue Sep 15 00:49:12 2009: start_bots: reconnect
[-GLOBAL-] Tue Sep 15 00:49:12 2009: start_bots: reconnect
[-GLOBAL-] Tue Sep 15 00:49:12 2009: start_bots: reconnect
[-GLOBAL-] Tue Sep 15 00:49:12 2009: start_bots: reconnect
[-GLOBAL-] Tue Sep 15 00:49:12 2009: start_bots: reconnect
[-GLOBAL-] Tue Sep 15 00:49:12 2009: start_bots: reconnect
[-GLOBAL-] Tue Sep 15 00:49:12 2009: start_bots: reconnect
[-GLOBAL-] Tue Sep 15 00:49:12 2009: start_bots: reconnect
[-GLOBAL-] Tue Sep 15 00:49:12 2009: start_bots: reconnect
[-GLOBAL-] Tue Sep 15 00:49:12 2009: start_bots: reconnect
[-GLOBAL-] Tue Sep 15 00:49:12 2009: start_bots: reconnect
[-GLOBAL-] Tue Sep 15 00:49:12 2009: start_bots: reconnect
[-GLOBAL-] Tue Sep 15 00:49:12 2009: start_bots: reconnect
[-GLOBAL-] Tue Sep 15 00:49:12 2009: start_bots: reconnect
[-GLOBAL-] Tue Sep 15 00:49:12 2009: start_bots: reconnect
[-GLOBAL-] Tue Sep 15 00:49:12 2009: start_bots: reconnect
[-GLOBAL-] Tue Sep 15 00:49:12 2009: start_bots: reconnect
[-GLOBAL-] Tue Sep 15 00:49:12 2009: start_bots: reconnect
[-GLOBAL-] Tue Sep 15 00:49:12 2009: start_bots: reconnect
[-GLOBAL-] Tue Sep 15 00:49:12 2009: start_bots: reconnect
[-GLOBAL-] Tue Sep 15 00:49:12 2009: start_bots: reconnect
[-GLOBAL-] Tue Sep 15 00:49:12 2009: start_bots: reconnect
[-GLOBAL-] Tue Sep 15 00:49:12 2009: start_bots: reconnect
[-GLOBAL-] Tue Sep 15 00:49:13 2009: SIGNING OFF: Segmentation violation (sigsegv) received
[-GLOBAL-] Tue Sep 15 00:49:40 2009: SIGNING OFF: Control-C (sigint) received
[-GLOBAL-] Tue Sep 15 00:49:41 2009: start_bots: rehashing
[-GLOBAL-] Tue Sep 15 00:49:41 2009: start_bots: reconnect
[-GLOBAL-] Tue Sep 15 00:49:41 2009: start_bots: reconnect
[-GLOBAL-] Tue Sep 15 00:49:41 2009: start_bots: reconnect
[-GLOBAL-] Tue Sep 15 00:49:41 2009: start_bots: reconnect
[-GLOBAL-] Tue Sep 15 00:49:41 2009: start_bots: reconnect
[-GLOBAL-] Tue Sep 15 00:49:41 2009: start_bots: reconnect
[-GLOBAL-] Tue Sep 15 00:49:41 2009: start_bots: reconnect
[-GLOBAL-] Tue Sep 15 00:49:41 2009: start_bots: reconnect
[-GLOBAL-] Tue Sep 15 00:49:41 2009: start_bots: reconnect
[-GLOBAL-] Tue Sep 15 00:49:41 2009: start_bots: reconnect
[-GLOBAL-] Tue Sep 15 00:49:41 2009: start_bots: reconnect
[-GLOBAL-] Tue Sep 15 00:49:41 2009: start_bots: reconnect
[-GLOBAL-] Tue Sep 15 00:49:41 2009: start_bots: reconnect
[-GLOBAL-] Tue Sep 15 00:49:41 2009: start_bots: reconnect
[-GLOBAL-] Tue Sep 15 00:49:41 2009: start_bots: reconnect
[-GLOBAL-] Tue Sep 15 00:49:41 2009: start_bots: reconnect
[-GLOBAL-] Tue Sep 15 00:49:41 2009: start_bots: reconnect
[-GLOBAL-] Tue Sep 15 00:49:41 2009: start_bots: reconnect
[-GLOBAL-] Tue Sep 15 00:49:41 2009: start_bots: reconnect
[-GLOBAL-] Tue Sep 15 00:49:41 2009: start_bots: reconnect
[-GLOBAL-] Tue Sep 15 00:49:41 2009: start_bots: reconnect
[-GLOBAL-] Tue Sep 15 00:49:41 2009: start_bots: reconnect
[-GLOBAL-] Tue Sep 15 00:49:41 2009: start_bots: reconnect
[-GLOBAL-] Tue Sep 15 00:49:41 2009: start_bots: reconnect
[-GLOBAL-] Tue Sep 15 00:49:41 2009: start_bots: reconnect
[-GLOBAL-] Tue Sep 15 00:49:41 2009: start_bots: reconnect
[-GLOBAL-] Tue Sep 15 00:49:41 2009: start_bots: reconnect
[-GLOBAL-] Tue Sep 15 00:49:41 2009: start_bots: reconnect
[-GLOBAL-] Tue Sep 15 00:49:41 2009: start_bots: reconnect
[-GLOBAL-] Tue Sep 15 00:49:41 2009: start_bots: reconnect
[-GLOBAL-] Tue Sep 15 00:49:41 2009: start_bots: reconnect
[-GLOBAL-] Tue Sep 15 00:49:41 2009: start_bots: reconnect
[-GLOBAL-] Tue Sep 15 00:49:41 2009: start_bots: reconnect
[-GLOBAL-] Tue Sep 15 00:49:41 2009: start_bots: reconnect
[-GLOBAL-] Tue Sep 15 00:49:41 2009: start_bots: reconnect
[-GLOBAL-] Tue Sep 15 00:49:41 2009: start_bots: reconnect
[-GLOBAL-] Tue Sep 15 00:49:41 2009: start_bots: reconnect
[-GLOBAL-] Tue Sep 15 00:49:41 2009: start_bots: reconnect
[-GLOBAL-] Tue Sep 15 00:49:41 2009: start_bots: reconnect
[-GLOBAL-] Tue Sep 15 00:49:41 2009: start_bots: reconnect
[-GLOBAL-] Tue Sep 15 00:49:41 2009: start_bots: reconnect
[-GLOBAL-] Tue Sep 15 00:49:41 2009: start_bots: reconnect
[-GLOBAL-] Tue Sep 15 00:49:41 2009: start_bots: reconnect
[-GLOBAL-] Tue Sep 15 00:49:41 2009: start_bots: reconnect
[-GLOBAL-] Tue Sep 15 00:49:41 2009: start_bots: reconnect
[-GLOBAL-] Tue Sep 15 00:49:41 2009: start_bots: reconnect
[-GLOBAL-] Tue Sep 15 00:49:41 2009: start_bots: reconnect
[-GLOBAL-] Tue Sep 15 00:49:41 2009: start_bots: reconnect
[-GLOBAL-] Tue Sep 15 00:49:41 2009: start_bots: reconnect
[-GLOBAL-] Tue Sep 15 00:49:41 2009: start_bots: reconnect
[-GLOBAL-] Tue Sep 15 00:49:41 2009: start_bots: reconnect
[-GLOBAL-] Tue Sep 15 00:49:41 2009: start_bots: reconnect
[-GLOBAL-] Tue Sep 15 00:49:41 2009: start_bots: reconnect
[-GLOBAL-] Tue Sep 15 00:49:41 2009: start_bots: reconnect
[-GLOBAL-] Tue Sep 15 00:49:41 2009: start_bots: reconnect
[-GLOBAL-] Tue Sep 15 00:49:41 2009: start_bots: reconnect
[-GLOBAL-] Tue Sep 15 00:49:41 2009: start_bots: reconnect
[-GLOBAL-] Tue Sep 15 00:49:41 2009: start_bots: reconnect
[-GLOBAL-] Tue Sep 15 00:49:41 2009: start_bots: reconnect
[-GLOBAL-] Tue Sep 15 00:49:41 2009: start_bots: reconnect
[-GLOBAL-] Tue Sep 15 00:49:41 2009: start_bots: reconnect
[-GLOBAL-] Tue Sep 15 00:49:41 2009: start_bots: reconnect
[-GLOBAL-] Tue Sep 15 00:49:41 2009: start_bots: reconnect
[-GLOBAL-] Tue Sep 15 00:49:41 2009: start_bots: reconnect
[-GLOBAL-] Tue Sep 15 00:49:41 2009: start_bots: reconnect
[-GLOBAL-] Tue Sep 15 00:49:41 2009: start_bots: reconnect
[-GLOBAL-] Tue Sep 15 00:49:41 2009: start_bots: reconnect
[-GLOBAL-] Tue Sep 15 00:49:41 2009: start_bots: reconnect
[-GLOBAL-] Tue Sep 15 00:49:41 2009: start_bots: reconnect
[-GLOBAL-] Tue Sep 15 00:49:41 2009: start_bots: reconnect
[-GLOBAL-] Tue Sep 15 00:49:41 2009: start_bots: reconnect
[-GLOBAL-] Tue Sep 15 00:49:41 2009: start_bots: reconnect
[-GLOBAL-] Tue Sep 15 00:49:41 2009: start_bots: reconnect
[-GLOBAL-] Tue Sep 15 00:49:43 2009: SIGNING OFF: Segmentation violation (sigsegv) received
[-GLOBAL-] Tue Sep 15 00:49:53 2009: SIGNING OFF: Control-C (sigint) received
[-GLOBAL-] Tue Sep 15 01:16:55 2009: start_bots: rehashing
[-GLOBAL-] Tue Sep 15 01:16:56 2009: start_bots: reconnect
[-GLOBAL-] Tue Sep 15 01:16:56 2009: start_bots: reconnect
[-GLOBAL-] Tue Sep 15 01:16:56 2009: start_bots: reconnect
[-GLOBAL-] Tue Sep 15 01:16:56 2009: start_bots: reconnect
[-GLOBAL-] Tue Sep 15 01:16:56 2009: start_bots: reconnect
[-GLOBAL-] Tue Sep 15 01:16:56 2009: start_bots: reconnect
[-GLOBAL-] Tue Sep 15 01:16:56 2009: start_bots: reconnect
[-GLOBAL-] Tue Sep 15 01:16:56 2009: start_bots: reconnect
[-GLOBAL-] Tue Sep 15 01:16:56 2009: start_bots: reconnect
[-GLOBAL-] Tue Sep 15 01:16:56 2009: start_bots: reconnect
[-GLOBAL-] Tue Sep 15 01:16:56 2009: start_bots: reconnect
[-GLOBAL-] Tue Sep 15 01:16:56 2009: start_bots: reconnect
[-GLOBAL-] Tue Sep 15 01:16:56 2009: start_bots: reconnect
[-GLOBAL-] Tue Sep 15 01:16:56 2009: start_bots: reconnect
[-GLOBAL-] Tue Sep 15 01:16:56 2009: start_bots: reconnect
[-GLOBAL-] Tue Sep 15 01:16:57 2009: start_bots: reconnect
[-GLOBAL-] Tue Sep 15 01:16:57 2009: start_bots: reconnect
[-GLOBAL-] Tue Sep 15 01:16:57 2009: start_bots: reconnect
[-GLOBAL-] Tue Sep 15 01:16:57 2009: start_bots: reconnect
[-GLOBAL-] Tue Sep 15 01:16:57 2009: start_bots: reconnect
[-GLOBAL-] Tue Sep 15 01:16:57 2009: start_bots: reconnect
[-GLOBAL-] Tue Sep 15 01:16:57 2009: start_bots: reconnect
[-GLOBAL-] Tue Sep 15 01:16:57 2009: start_bots: reconnect
[-GLOBAL-] Tue Sep 15 01:16:57 2009: start_bots: reconnect
[-GLOBAL-] Tue Sep 15 01:16:57 2009: start_bots: reconnect
[-GLOBAL-] Tue Sep 15 01:16:57 2009: start_bots: reconnect
[-GLOBAL-] Tue Sep 15 01:16:57 2009: start_bots: reconnect
[-GLOBAL-] Tue Sep 15 01:16:57 2009: start_bots: reconnect
[-GLOBAL-] Tue Sep 15 01:16:57 2009: start_bots: reconnect
[-GLOBAL-] Tue Sep 15 01:16:57 2009: start_bots: reconnect
[-GLOBAL-] Tue Sep 15 01:16:57 2009: start_bots: reconnect
[-GLOBAL-] Tue Sep 15 01:16:57 2009: start_bots: reconnect
[-GLOBAL-] Tue Sep 15 01:16:57 2009: start_bots: reconnect
[-GLOBAL-] Tue Sep 15 01:16:57 2009: start_bots: reconnect
[-GLOBAL-] Tue Sep 15 01:16:57 2009: start_bots: reconnect
[-GLOBAL-] Tue Sep 15 01:16:57 2009: start_bots: reconnect
[-GLOBAL-] Tue Sep 15 01:16:57 2009: start_bots: reconnect
[-GLOBAL-] Tue Sep 15 01:16:57 2009: start_bots: reconnect
[-GLOBAL-] Tue Sep 15 01:16:57 2009: start_bots: reconnect
[-GLOBAL-] Tue Sep 15 01:16:57 2009: start_bots: reconnect
[-GLOBAL-] Tue Sep 15 01:16:57 2009: start_bots: reconnect
[-GLOBAL-] Tue Sep 15 01:16:57 2009: start_bots: reconnect
[-GLOBAL-] Tue Sep 15 01:16:57 2009: start_bots: reconnect
[-GLOBAL-] Tue Sep 15 01:16:57 2009: start_bots: reconnect
[-GLOBAL-] Tue Sep 15 01:16:57 2009: start_bots: reconnect
[-GLOBAL-] Tue Sep 15 01:16:57 2009: start_bots: reconnect
[-GLOBAL-] Tue Sep 15 01:16:57 2009: start_bots: reconnect
[-GLOBAL-] Tue Sep 15 01:16:57 2009: start_bots: reconnect
[-GLOBAL-] Tue Sep 15 01:16:57 2009: start_bots: reconnect
[-GLOBAL-] Tue Sep 15 01:16:57 2009: start_bots: reconnect
[-GLOBAL-] Tue Sep 15 01:16:57 2009: start_bots: reconnect
[-GLOBAL-] Tue Sep 15 01:16:57 2009: start_bots: reconnect
[-GLOBAL-] Tue Sep 15 01:16:57 2009: start_bots: reconnect
[-GLOBAL-] Tue Sep 15 01:16:57 2009: start_bots: reconnect
[-GLOBAL-] Tue Sep 15 01:16:57 2009: start_bots: reconnect
[-GLOBAL-] Tue Sep 15 01:16:57 2009: start_bots: reconnect
[-GLOBAL-] Tue Sep 15 01:16:57 2009: start_bots: reconnect
[-GLOBAL-] Tue Sep 15 01:16:57 2009: start_bots: reconnect
[-GLOBAL-] Tue Sep 15 01:16:57 2009: start_bots: reconnect
[-GLOBAL-] Tue Sep 15 01:16:57 2009: start_bots: reconnect
[-GLOBAL-] Tue Sep 15 01:16:57 2009: start_bots: reconnect
[-GLOBAL-] Tue Sep 15 01:16:57 2009: start_bots: reconnect
[-GLOBAL-] Tue Sep 15 01:16:57 2009: start_bots: reconnect
[-GLOBAL-] Tue Sep 15 01:16:57 2009: start_bots: reconnect
[-GLOBAL-] Tue Sep 15 01:16:57 2009: start_bots: reconnect
[-GLOBAL-] Tue Sep 15 01:16:57 2009: start_bots: reconnect
[-GLOBAL-] Tue Sep 15 01:16:57 2009: start_bots: reconnect
[-GLOBAL-] Tue Sep 15 01:16:57 2009: start_bots: reconnect
[-GLOBAL-] Tue Sep 15 01:16:57 2009: start_bots: reconnect
[-GLOBAL-] Tue Sep 15 01:16:58 2009: SIGNING OFF: Segmentation violation (sigsegv) received
[-GLOBAL-] Tue Sep 15 01:17:21 2009: SIGNING OFF: Control-C (sigint) received
[-GLOBAL-] Tue Sep 15 01:20:11 2009: start_bots: rehashing
[-GLOBAL-] Tue Sep 15 01:20:11 2009: start_bots: reconnect
[-GLOBAL-] Tue Sep 15 01:20:11 2009: start_bots: reconnect
[-GLOBAL-] Tue Sep 15 01:20:11 2009: start_bots: reconnect
[-GLOBAL-] Tue Sep 15 01:20:11 2009: start_bots: reconnect
[-GLOBAL-] Tue Sep 15 01:20:11 2009: start_bots: reconnect
[-GLOBAL-] Tue Sep 15 01:20:11 2009: start_bots: reconnect
[-GLOBAL-] Tue Sep 15 01:20:11 2009: start_bots: reconnect
[-GLOBAL-] Tue Sep 15 01:20:11 2009: start_bots: reconnect
[-GLOBAL-] Tue Sep 15 01:20:11 2009: start_bots: reconnect
[-GLOBAL-] Tue Sep 15 01:20:11 2009: start_bots: reconnect
[-GLOBAL-] Tue Sep 15 01:20:11 2009: start_bots: reconnect
[-GLOBAL-] Tue Sep 15 01:20:11 2009: start_bots: reconnect
[-GLOBAL-] Tue Sep 15 01:20:11 2009: start_bots: reconnect
[-GLOBAL-] Tue Sep 15 01:20:11 2009: start_bots: reconnect
[-GLOBAL-] Tue Sep 15 01:20:11 2009: start_bots: reconnect
[-GLOBAL-] Tue Sep 15 01:20:11 2009: start_bots: reconnect
[-GLOBAL-] Tue Sep 15 01:20:11 2009: start_bots: reconnect
[-GLOBAL-] Tue Sep 15 01:20:11 2009: start_bots: reconnect
[-GLOBAL-] Tue Sep 15 01:20:11 2009: start_bots: reconnect
[-GLOBAL-] Tue Sep 15 01:20:11 2009: start_bots: reconnect
[-GLOBAL-] Tue Sep 15 01:20:11 2009: start_bots: reconnect
[-GLOBAL-] Tue Sep 15 01:20:11 2009: start_bots: reconnect
[-GLOBAL-] Tue Sep 15 01:20:11 2009: start_bots: reconnect
[-GLOBAL-] Tue Sep 15 01:20:11 2009: start_bots: reconnect
[-GLOBAL-] Tue Sep 15 01:20:11 2009: start_bots: reconnect
[-GLOBAL-] Tue Sep 15 01:20:11 2009: start_bots: reconnect
[-GLOBAL-] Tue Sep 15 01:20:11 2009: start_bots: reconnect
[-GLOBAL-] Tue Sep 15 01:20:11 2009: start_bots: reconnect
[-GLOBAL-] Tue Sep 15 01:20:11 2009: start_bots: reconnect
[-GLOBAL-] Tue Sep 15 01:20:11 2009: start_bots: reconnect
[-GLOBAL-] Tue Sep 15 01:20:11 2009: start_bots: reconnect
[-GLOBAL-] Tue Sep 15 01:20:11 2009: start_bots: reconnect
[-GLOBAL-] Tue Sep 15 01:20:11 2009: start_bots: reconnect
[-GLOBAL-] Tue Sep 15 01:20:11 2009: start_bots: reconnect
[-GLOBAL-] Tue Sep 15 01:20:11 2009: start_bots: reconnect
[-GLOBAL-] Tue Sep 15 01:20:11 2009: start_bots: reconnect
[-GLOBAL-] Tue Sep 15 01:20:11 2009: start_bots: reconnect
[-GLOBAL-] Tue Sep 15 01:20:11 2009: start_bots: reconnect
[-GLOBAL-] Tue Sep 15 01:20:11 2009: start_bots: reconnect
[-GLOBAL-] Tue Sep 15 01:20:11 2009: start_bots: reconnect
[-GLOBAL-] Tue Sep 15 01:20:11 2009: start_bots: reconnect
[-GLOBAL-] Tue Sep 15 01:20:11 2009: start_bots: reconnect
[-GLOBAL-] Tue Sep 15 01:20:11 2009: start_bots: reconnect
[-GLOBAL-] Tue Sep 15 01:20:11 2009: start_bots: reconnect
[-GLOBAL-] Tue Sep 15 01:20:11 2009: start_bots: reconnect
[-GLOBAL-] Tue Sep 15 01:20:11 2009: start_bots: reconnect
[-GLOBAL-] Tue Sep 15 01:20:11 2009: start_bots: reconnect
[-GLOBAL-] Tue Sep 15 01:20:11 2009: start_bots: reconnect
[-GLOBAL-] Tue Sep 15 01:20:11 2009: start_bots: reconnect
[-GLOBAL-] Tue Sep 15 01:20:11 2009: start_bots: reconnect
[-GLOBAL-] Tue Sep 15 01:20:11 2009: start_bots: reconnect
[-GLOBAL-] Tue Sep 15 01:20:11 2009: start_bots: reconnect
[-GLOBAL-] Tue Sep 15 01:20:11 2009: start_bots: reconnect
[-GLOBAL-] Tue Sep 15 01:20:11 2009: start_bots: reconnect
[-GLOBAL-] Tue Sep 15 01:20:11 2009: start_bots: reconnect
[-GLOBAL-] Tue Sep 15 01:20:11 2009: start_bots: reconnect
[-GLOBAL-] Tue Sep 15 01:20:11 2009: start_bots: reconnect
[-GLOBAL-] Tue Sep 15 01:20:11 2009: start_bots: reconnect
[-GLOBAL-] Tue Sep 15 01:20:11 2009: start_bots: reconnect
[-GLOBAL-] Tue Sep 15 01:20:11 2009: start_bots: reconnect
[-GLOBAL-] Tue Sep 15 01:20:11 2009: start_bots: reconnect
[-GLOBAL-] Tue Sep 15 01:20:11 2009: start_bots: reconnect
[-GLOBAL-] Tue Sep 15 01:20:11 2009: start_bots: reconnect
[-GLOBAL-] Tue Sep 15 01:20:11 2009: start_bots: reconnect
[-GLOBAL-] Tue Sep 15 01:20:11 2009: start_bots: reconnect
[-GLOBAL-] Tue Sep 15 01:20:11 2009: start_bots: reconnect
[-GLOBAL-] Tue Sep 15 01:20:11 2009: start_bots: reconnect
[-GLOBAL-] Tue Sep 15 01:20:11 2009: start_bots: reconnect
[-GLOBAL-] Tue Sep 15 01:20:11 2009: start_bots: reconnect
[-GLOBAL-] Tue Sep 15 01:20:11 2009: start_bots: reconnect
[-GLOBAL-] Tue Sep 15 01:20:11 2009: start_bots: reconnect
[-GLOBAL-] Tue Sep 15 01:20:11 2009: start_bots: reconnect
[-GLOBAL-] Tue Sep 15 01:20:11 2009: start_bots: reconnect
[-GLOBAL-] Tue Sep 15 01:20:13 2009: SIGNING OFF: Segmentation violation (sigsegv) received
[-GLOBAL-] Tue Sep 15 01:22:09 2009: SIGNING OFF: Control-C (sigint) received
[-GLOBAL-] Tue Sep 15 01:23:37 2009: start_bots: rehashing
[-GLOBAL-] Tue Sep 15 01:23:37 2009: start_bots: reconnect
[-GLOBAL-] Tue Sep 15 01:23:37 2009: start_bots: reconnect
[-GLOBAL-] Tue Sep 15 01:23:37 2009: start_bots: reconnect
[-GLOBAL-] Tue Sep 15 01:23:37 2009: start_bots: reconnect
[-GLOBAL-] Tue Sep 15 01:23:37 2009: start_bots: reconnect
[-GLOBAL-] Tue Sep 15 01:23:37 2009: start_bots: reconnect
[-GLOBAL-] Tue Sep 15 01:23:37 2009: start_bots: reconnect
[-GLOBAL-] Tue Sep 15 01:23:37 2009: start_bots: reconnect
[-GLOBAL-] Tue Sep 15 01:23:37 2009: start_bots: reconnect
[-GLOBAL-] Tue Sep 15 01:23:37 2009: start_bots: reconnect
[-GLOBAL-] Tue Sep 15 01:23:37 2009: start_bots: reconnect
[-GLOBAL-] Tue Sep 15 01:23:37 2009: start_bots: reconnect
[-GLOBAL-] Tue Sep 15 01:23:37 2009: start_bots: reconnect
[-GLOBAL-] Tue Sep 15 01:23:37 2009: start_bots: reconnect
[-GLOBAL-] Tue Sep 15 01:23:37 2009: start_bots: reconnect
[-GLOBAL-] Tue Sep 15 01:23:37 2009: start_bots: reconnect
[-GLOBAL-] Tue Sep 15 01:23:37 2009: start_bots: reconnect
[-GLOBAL-] Tue Sep 15 01:23:37 2009: start_bots: reconnect
[-GLOBAL-] Tue Sep 15 01:23:37 2009: start_bots: reconnect
[-GLOBAL-] Tue Sep 15 01:23:37 2009: start_bots: reconnect
[-GLOBAL-] Tue Sep 15 01:23:37 2009: start_bots: reconnect
[-GLOBAL-] Tue Sep 15 01:23:37 2009: start_bots: reconnect
[-GLOBAL-] Tue Sep 15 01:23:37 2009: start_bots: reconnect
[-GLOBAL-] Tue Sep 15 01:23:37 2009: start_bots: reconnect
[-GLOBAL-] Tue Sep 15 01:23:37 2009: start_bots: reconnect
[-GLOBAL-] Tue Sep 15 01:23:37 2009: start_bots: reconnect
[-GLOBAL-] Tue Sep 15 01:23:37 2009: start_bots: reconnect
[-GLOBAL-] Tue Sep 15 01:23:37 2009: start_bots: reconnect
[-GLOBAL-] Tue Sep 15 01:23:37 2009: start_bots: reconnect
[-GLOBAL-] Tue Sep 15 01:23:37 2009: start_bots: reconnect
[-GLOBAL-] Tue Sep 15 01:23:37 2009: start_bots: reconnect
[-GLOBAL-] Tue Sep 15 01:23:37 2009: start_bots: reconnect
[-GLOBAL-] Tue Sep 15 01:23:37 2009: start_bots: reconnect
[-GLOBAL-] Tue Sep 15 01:23:37 2009: start_bots: reconnect
[-GLOBAL-] Tue Sep 15 01:23:37 2009: start_bots: reconnect
[-GLOBAL-] Tue Sep 15 01:23:37 2009: start_bots: reconnect
[-GLOBAL-] Tue Sep 15 01:23:37 2009: start_bots: reconnect
[-GLOBAL-] Tue Sep 15 01:23:37 2009: start_bots: reconnect
[-GLOBAL-] Tue Sep 15 01:23:37 2009: start_bots: reconnect
[-GLOBAL-] Tue Sep 15 01:23:37 2009: start_bots: reconnect
[-GLOBAL-] Tue Sep 15 01:23:37 2009: start_bots: reconnect
[-GLOBAL-] Tue Sep 15 01:23:37 2009: start_bots: reconnect
[-GLOBAL-] Tue Sep 15 01:23:37 2009: start_bots: reconnect
[-GLOBAL-] Tue Sep 15 01:23:37 2009: start_bots: reconnect
[-GLOBAL-] Tue Sep 15 01:23:37 2009: start_bots: reconnect
[-GLOBAL-] Tue Sep 15 01:23:37 2009: start_bots: reconnect
[-GLOBAL-] Tue Sep 15 01:23:37 2009: start_bots: reconnect
[-GLOBAL-] Tue Sep 15 01:23:37 2009: start_bots: reconnect
[-GLOBAL-] Tue Sep 15 01:23:37 2009: start_bots: reconnect
[-GLOBAL-] Tue Sep 15 01:23:37 2009: start_bots: reconnect
[-GLOBAL-] Tue Sep 15 01:23:37 2009: start_bots: reconnect
[-GLOBAL-] Tue Sep 15 01:23:37 2009: start_bots: reconnect
[-GLOBAL-] Tue Sep 15 01:23:37 2009: start_bots: reconnect
[-GLOBAL-] Tue Sep 15 01:23:37 2009: start_bots: reconnect
[-GLOBAL-] Tue Sep 15 01:23:37 2009: start_bots: reconnect
[-GLOBAL-] Tue Sep 15 01:23:37 2009: start_bots: reconnect
[-GLOBAL-] Tue Sep 15 01:23:37 2009: start_bots: reconnect
[-GLOBAL-] Tue Sep 15 01:23:37 2009: start_bots: reconnect
[-GLOBAL-] Tue Sep 15 01:23:37 2009: start_bots: reconnect
[-GLOBAL-] Tue Sep 15 01:23:37 2009: start_bots: reconnect
[-GLOBAL-] Tue Sep 15 01:23:37 2009: start_bots: reconnect
[-GLOBAL-] Tue Sep 15 01:23:37 2009: start_bots: reconnect
[-GLOBAL-] Tue Sep 15 01:23:37 2009: start_bots: reconnect
[-GLOBAL-] Tue Sep 15 01:23:37 2009: start_bots: reconnect
[-GLOBAL-] Tue Sep 15 01:23:37 2009: start_bots: reconnect
[-GLOBAL-] Tue Sep 15 01:23:37 2009: start_bots: reconnect
[-GLOBAL-] Tue Sep 15 01:23:37 2009: start_bots: reconnect
[-GLOBAL-] Tue Sep 15 01:23:37 2009: start_bots: reconnect
[-GLOBAL-] Tue Sep 15 01:23:37 2009: start_bots: reconnect
[-GLOBAL-] Tue Sep 15 01:23:37 2009: start_bots: reconnect
[-GLOBAL-] Tue Sep 15 01:23:37 2009: start_bots: reconnect
[-GLOBAL-] Tue Sep 15 01:23:37 2009: start_bots: reconnect
[-GLOBAL-] Tue Sep 15 01:23:37 2009: start_bots: reconnect
[-GLOBAL-] Tue Sep 15 01:32:02 2009: start_bots: rehashing
[-GLOBAL-] Tue Sep 15 01:32:02 2009: start_bots: reconnect
[-GLOBAL-] Tue Sep 15 01:32:02 2009: start_bots: reconnect
[-GLOBAL-] Tue Sep 15 01:32:03 2009: start_bots: reconnect
[-GLOBAL-] Tue Sep 15 01:32:03 2009: start_bots: reconnect
[-GLOBAL-] Tue Sep 15 01:32:03 2009: start_bots: reconnect
[-GLOBAL-] Tue Sep 15 01:32:03 2009: start_bots: reconnect
[-GLOBAL-] Tue Sep 15 01:32:03 2009: start_bots: reconnect
[-GLOBAL-] Tue Sep 15 01:32:03 2009: start_bots: reconnect
[-GLOBAL-] Tue Sep 15 01:32:03 2009: start_bots: reconnect
[-GLOBAL-] Tue Sep 15 01:32:03 2009: start_bots: reconnect
[-GLOBAL-] Tue Sep 15 01:32:03 2009: start_bots: reconnect
[-GLOBAL-] Tue Sep 15 01:32:03 2009: start_bots: reconnect
[-GLOBAL-] Tue Sep 15 01:32:03 2009: start_bots: reconnect
[-GLOBAL-] Tue Sep 15 01:32:03 2009: start_bots: reconnect
[-GLOBAL-] Tue Sep 15 01:32:03 2009: start_bots: reconnect
[-GLOBAL-] Tue Sep 15 01:32:03 2009: start_bots: reconnect
[-GLOBAL-] Tue Sep 15 01:32:03 2009: start_bots: reconnect
[-GLOBAL-] Tue Sep 15 01:32:03 2009: start_bots: reconnect
[-GLOBAL-] Tue Sep 15 01:32:03 2009: start_bots: reconnect
[-GLOBAL-] Tue Sep 15 01:32:03 2009: start_bots: reconnect
[-GLOBAL-] Tue Sep 15 01:32:03 2009: start_bots: reconnect
[-GLOBAL-] Tue Sep 15 01:32:03 2009: start_bots: reconnect
[-GLOBAL-] Tue Sep 15 01:32:03 2009: start_bots: reconnect
[-GLOBAL-] Tue Sep 15 01:32:03 2009: start_bots: reconnect
[-GLOBAL-] Tue Sep 15 01:32:03 2009: start_bots: reconnect
[-GLOBAL-] Tue Sep 15 01:32:03 2009: start_bots: reconnect
[-GLOBAL-] Tue Sep 15 01:32:03 2009: start_bots: reconnect
[-GLOBAL-] Tue Sep 15 01:32:03 2009: start_bots: reconnect
[-GLOBAL-] Tue Sep 15 01:32:03 2009: start_bots: reconnect
[-GLOBAL-] Tue Sep 15 01:32:03 2009: start_bots: reconnect
[-GLOBAL-] Tue Sep 15 01:32:03 2009: start_bots: reconnect
[-GLOBAL-] Tue Sep 15 01:32:03 2009: start_bots: reconnect
[-GLOBAL-] Tue Sep 15 01:32:03 2009: start_bots: reconnect
[-GLOBAL-] Tue Sep 15 01:32:03 2009: start_bots: reconnect
[-GLOBAL-] Tue Sep 15 01:32:03 2009: start_bots: reconnect
[-GLOBAL-] Tue Sep 15 01:32:03 2009: start_bots: reconnect
[-GLOBAL-] Tue Sep 15 01:32:03 2009: start_bots: reconnect
[-GLOBAL-] Tue Sep 15 01:32:03 2009: start_bots: reconnect
[-GLOBAL-] Tue Sep 15 01:32:03 2009: start_bots: reconnect
[-GLOBAL-] Tue Sep 15 01:32:03 2009: start_bots: reconnect
[-GLOBAL-] Tue Sep 15 01:32:03 2009: start_bots: reconnect
[-GLOBAL-] Tue Sep 15 01:32:03 2009: start_bots: reconnect
[-GLOBAL-] Tue Sep 15 01:32:03 2009: start_bots: reconnect
[-GLOBAL-] Tue Sep 15 01:32:03 2009: start_bots: reconnect
[-GLOBAL-] Tue Sep 15 01:32:03 2009: start_bots: reconnect
[-GLOBAL-] Tue Sep 15 01:32:03 2009: start_bots: reconnect
[-GLOBAL-] Tue Sep 15 01:32:03 2009: start_bots: reconnect
[-GLOBAL-] Tue Sep 15 01:32:03 2009: start_bots: reconnect
[-GLOBAL-] Tue Sep 15 01:32:03 2009: start_bots: reconnect
[-GLOBAL-] Tue Sep 15 01:32:03 2009: start_bots: reconnect
[-GLOBAL-] Tue Sep 15 01:32:03 2009: start_bots: reconnect
[-GLOBAL-] Tue Sep 15 01:32:03 2009: start_bots: reconnect
[-GLOBAL-] Tue Sep 15 01:32:03 2009: start_bots: reconnect
[-GLOBAL-] Tue Sep 15 01:32:03 2009: start_bots: reconnect
[-GLOBAL-] Tue Sep 15 01:32:03 2009: start_bots: reconnect
[-GLOBAL-] Tue Sep 15 01:32:03 2009: start_bots: reconnect
[-GLOBAL-] Tue Sep 15 01:32:03 2009: start_bots: reconnect
[-GLOBAL-] Tue Sep 15 01:32:03 2009: start_bots: reconnect
[-GLOBAL-] Tue Sep 15 01:32:03 2009: start_bots: reconnect
[-GLOBAL-] Tue Sep 15 01:32:03 2009: start_bots: reconnect
[-GLOBAL-] Tue Sep 15 01:32:03 2009: start_bots: reconnect
[-GLOBAL-] Tue Sep 15 01:32:03 2009: start_bots: reconnect
[-GLOBAL-] Tue Sep 15 01:32:03 2009: start_bots: reconnect
[-GLOBAL-] Tue Sep 15 01:32:03 2009: start_bots: reconnect
[-GLOBAL-] Tue Sep 15 01:32:03 2009: start_bots: reconnect
[-GLOBAL-] Tue Sep 15 01:32:03 2009: start_bots: reconnect
[-GLOBAL-] Tue Sep 15 01:32:03 2009: start_bots: reconnect
[-GLOBAL-] Tue Sep 15 01:34:51 2009: start_bots: rehashing
[-GLOBAL-] Tue Sep 15 01:34:51 2009: start_bots: reconnect
[-GLOBAL-] Tue Sep 15 01:34:52 2009: start_bots: reconnect
[-GLOBAL-] Tue Sep 15 01:34:52 2009: start_bots: reconnect
[-GLOBAL-] Tue Sep 15 01:34:52 2009: start_bots: reconnect
[-GLOBAL-] Tue Sep 15 01:34:52 2009: start_bots: reconnect
[-GLOBAL-] Tue Sep 15 01:34:52 2009: start_bots: reconnect
[-GLOBAL-] Tue Sep 15 01:34:52 2009: start_bots: reconnect
[-GLOBAL-] Tue Sep 15 01:34:52 2009: start_bots: reconnect
[-GLOBAL-] Tue Sep 15 01:34:52 2009: start_bots: reconnect
[-GLOBAL-] Tue Sep 15 01:34:52 2009: start_bots: reconnect
[-GLOBAL-] Tue Sep 15 01:34:52 2009: start_bots: reconnect
[-GLOBAL-] Tue Sep 15 01:34:52 2009: start_bots: reconnect
[-GLOBAL-] Tue Sep 15 01:34:52 2009: start_bots: reconnect
[-GLOBAL-] Tue Sep 15 01:34:52 2009: start_bots: reconnect
[-GLOBAL-] Tue Sep 15 01:34:52 2009: start_bots: reconnect
[-GLOBAL-] Tue Sep 15 01:34:52 2009: start_bots: reconnect
[-GLOBAL-] Tue Sep 15 01:34:52 2009: start_bots: reconnect
[-GLOBAL-] Tue Sep 15 01:34:52 2009: start_bots: reconnect
[-GLOBAL-] Tue Sep 15 01:34:52 2009: start_bots: reconnect
[-GLOBAL-] Tue Sep 15 01:34:52 2009: start_bots: reconnect
[-GLOBAL-] Tue Sep 15 01:34:52 2009: start_bots: reconnect
[-GLOBAL-] Tue Sep 15 01:34:52 2009: start_bots: reconnect
[-GLOBAL-] Tue Sep 15 01:34:52 2009: start_bots: reconnect
[-GLOBAL-] Tue Sep 15 01:34:52 2009: start_bots: reconnect
[-GLOBAL-] Tue Sep 15 01:34:52 2009: start_bots: reconnect
[-GLOBAL-] Tue Sep 15 01:34:52 2009: start_bots: reconnect
[-GLOBAL-] Tue Sep 15 01:34:52 2009: start_bots: reconnect
[-GLOBAL-] Tue Sep 15 01:34:52 2009: start_bots: reconnect
[-GLOBAL-] Tue Sep 15 01:34:52 2009: start_bots: reconnect
[-GLOBAL-] Tue Sep 15 01:34:52 2009: start_bots: reconnect
[-GLOBAL-] Tue Sep 15 01:34:52 2009: start_bots: reconnect
[-GLOBAL-] Tue Sep 15 01:34:52 2009: start_bots: reconnect
[-GLOBAL-] Tue Sep 15 01:34:52 2009: start_bots: reconnect
[-GLOBAL-] Tue Sep 15 01:34:52 2009: start_bots: reconnect
[-GLOBAL-] Tue Sep 15 01:34:52 2009: start_bots: reconnect
[-GLOBAL-] Tue Sep 15 01:34:52 2009: start_bots: reconnect
[-GLOBAL-] Tue Sep 15 01:34:52 2009: start_bots: reconnect
[-GLOBAL-] Tue Sep 15 01:34:52 2009: start_bots: reconnect
[-GLOBAL-] Tue Sep 15 01:34:52 2009: start_bots: reconnect
[-GLOBAL-] Tue Sep 15 01:34:52 2009: start_bots: reconnect
[-GLOBAL-] Tue Sep 15 01:34:52 2009: start_bots: reconnect
[-GLOBAL-] Tue Sep 15 01:34:52 2009: start_bots: reconnect
[-GLOBAL-] Tue Sep 15 01:34:52 2009: start_bots: reconnect
[-GLOBAL-] Tue Sep 15 01:34:52 2009: start_bots: reconnect
[-GLOBAL-] Tue Sep 15 01:34:52 2009: start_bots: reconnect
[-GLOBAL-] Tue Sep 15 01:34:52 2009: start_bots: reconnect
[-GLOBAL-] Tue Sep 15 01:34:52 2009: start_bots: reconnect
[-GLOBAL-] Tue Sep 15 01:34:52 2009: start_bots: reconnect
[-GLOBAL-] Tue Sep 15 01:34:52 2009: start_bots: reconnect
[-GLOBAL-] Tue Sep 15 01:34:52 2009: start_bots: reconnect
[-GLOBAL-] Tue Sep 15 01:34:52 2009: start_bots: reconnect
[-GLOBAL-] Tue Sep 15 01:34:52 2009: start_bots: reconnect
[-GLOBAL-] Tue Sep 15 01:34:52 2009: start_bots: reconnect
[-GLOBAL-] Tue Sep 15 01:34:52 2009: start_bots: reconnect
[-GLOBAL-] Tue Sep 15 01:34:52 2009: start_bots: reconnect
[-GLOBAL-] Tue Sep 15 01:34:52 2009: start_bots: reconnect
[-GLOBAL-] Tue Sep 15 01:34:52 2009: start_bots: reconnect
[-GLOBAL-] Tue Sep 15 01:34:52 2009: start_bots: reconnect
[-GLOBAL-] Tue Sep 15 01:34:52 2009: start_bots: reconnect
[-GLOBAL-] Tue Sep 15 01:34:52 2009: start_bots: reconnect
[-GLOBAL-] Tue Sep 15 01:34:52 2009: start_bots: reconnect
[-GLOBAL-] Tue Sep 15 01:34:52 2009: start_bots: reconnect
[-GLOBAL-] Tue Sep 15 01:34:52 2009: start_bots: reconnect
[-GLOBAL-] Tue Sep 15 01:34:52 2009: start_bots: reconnect
[-GLOBAL-] Tue Sep 15 01:34:52 2009: start_bots: reconnect
[-GLOBAL-] Tue Sep 15 01:34:52 2009: start_bots: reconnect
[-GLOBAL-] Tue Sep 15 01:34:52 2009: start_bots: reconnect
[-GLOBAL-] Tue Sep 15 01:34:52 2009: start_bots: reconnect
[-GLOBAL-] Tue Sep 15 01:34:52 2009: start_bots: reconnect
[-GLOBAL-] Tue Sep 15 01:34:52 2009: start_bots: reconnect
[-GLOBAL-] Tue Sep 15 01:34:52 2009: start_bots: reconnect
[-GLOBAL-] Tue Sep 15 01:34:52 2009: start_bots: reconnect
[-GLOBAL-] Tue Sep 15 01:35:57 2009: start_bots: rehashing
[-GLOBAL-] Tue Sep 15 01:35:57 2009: start_bots: reconnect
[-GLOBAL-] Tue Sep 15 01:35:57 2009: start_bots: reconnect
[-GLOBAL-] Tue Sep 15 01:35:57 2009: start_bots: reconnect
[-GLOBAL-] Tue Sep 15 01:35:57 2009: start_bots: reconnect
[-GLOBAL-] Tue Sep 15 01:35:57 2009: start_bots: reconnect
[-GLOBAL-] Tue Sep 15 01:35:57 2009: start_bots: reconnect
[-GLOBAL-] Tue Sep 15 01:35:57 2009: start_bots: reconnect
[-GLOBAL-] Tue Sep 15 01:35:57 2009: start_bots: reconnect
[-GLOBAL-] Tue Sep 15 01:35:57 2009: start_bots: reconnect
[-GLOBAL-] Tue Sep 15 01:35:57 2009: start_bots: reconnect
[-GLOBAL-] Tue Sep 15 01:35:57 2009: start_bots: reconnect
[-GLOBAL-] Tue Sep 15 01:35:57 2009: start_bots: reconnect
[-GLOBAL-] Tue Sep 15 01:35:57 2009: start_bots: reconnect
[-GLOBAL-] Tue Sep 15 01:35:57 2009: start_bots: reconnect
[-GLOBAL-] Tue Sep 15 01:35:57 2009: start_bots: reconnect
[-GLOBAL-] Tue Sep 15 01:35:57 2009: start_bots: reconnect
[-GLOBAL-] Tue Sep 15 01:35:57 2009: start_bots: reconnect
[-GLOBAL-] Tue Sep 15 01:35:57 2009: start_bots: reconnect
[-GLOBAL-] Tue Sep 15 01:35:57 2009: start_bots: reconnect
[-GLOBAL-] Tue Sep 15 01:35:57 2009: start_bots: reconnect
[-GLOBAL-] Tue Sep 15 01:35:57 2009: start_bots: reconnect
[-GLOBAL-] Tue Sep 15 01:35:57 2009: start_bots: reconnect
[-GLOBAL-] Tue Sep 15 01:35:57 2009: start_bots: reconnect
[-GLOBAL-] Tue Sep 15 01:35:57 2009: start_bots: reconnect
[-GLOBAL-] Tue Sep 15 01:35:57 2009: start_bots: reconnect
[-GLOBAL-] Tue Sep 15 01:35:57 2009: start_bots: reconnect
[-GLOBAL-] Tue Sep 15 01:35:57 2009: start_bots: reconnect
[-GLOBAL-] Tue Sep 15 01:35:57 2009: start_bots: reconnect
[-GLOBAL-] Tue Sep 15 01:35:57 2009: start_bots: reconnect
[-GLOBAL-] Tue Sep 15 01:35:57 2009: start_bots: reconnect
[-GLOBAL-] Tue Sep 15 01:35:57 2009: start_bots: reconnect
[-GLOBAL-] Tue Sep 15 01:35:57 2009: start_bots: reconnect
[-GLOBAL-] Tue Sep 15 01:35:57 2009: start_bots: reconnect
[-GLOBAL-] Tue Sep 15 01:35:57 2009: start_bots: reconnect
[-GLOBAL-] Tue Sep 15 01:35:57 2009: start_bots: reconnect
[-GLOBAL-] Tue Sep 15 01:35:57 2009: start_bots: reconnect
[-GLOBAL-] Tue Sep 15 01:35:57 2009: start_bots: reconnect
[-GLOBAL-] Tue Sep 15 01:35:57 2009: start_bots: reconnect
[-GLOBAL-] Tue Sep 15 01:35:57 2009: start_bots: reconnect
[-GLOBAL-] Tue Sep 15 01:35:57 2009: start_bots: reconnect
[-GLOBAL-] Tue Sep 15 01:35:57 2009: start_bots: reconnect
[-GLOBAL-] Tue Sep 15 01:35:57 2009: start_bots: reconnect
[-GLOBAL-] Tue Sep 15 01:35:57 2009: start_bots: reconnect
[-GLOBAL-] Tue Sep 15 01:35:57 2009: start_bots: reconnect
[-GLOBAL-] Tue Sep 15 01:35:57 2009: start_bots: reconnect
[-GLOBAL-] Tue Sep 15 01:35:57 2009: start_bots: reconnect
[-GLOBAL-] Tue Sep 15 01:35:57 2009: start_bots: reconnect
[-GLOBAL-] Tue Sep 15 01:35:57 2009: start_bots: reconnect
[-GLOBAL-] Tue Sep 15 01:35:57 2009: start_bots: reconnect
[-GLOBAL-] Tue Sep 15 01:35:57 2009: start_bots: reconnect
[-GLOBAL-] Tue Sep 15 01:35:57 2009: start_bots: reconnect
[-GLOBAL-] Tue Sep 15 01:35:57 2009: start_bots: reconnect
[-GLOBAL-] Tue Sep 15 01:35:57 2009: start_bots: reconnect
[-GLOBAL-] Tue Sep 15 01:35:57 2009: start_bots: reconnect
[-GLOBAL-] Tue Sep 15 01:35:57 2009: start_bots: reconnect
[-GLOBAL-] Tue Sep 15 01:35:57 2009: start_bots: reconnect
[-GLOBAL-] Tue Sep 15 01:35:57 2009: start_bots: reconnect
[-GLOBAL-] Tue Sep 15 01:35:57 2009: start_bots: reconnect
[-GLOBAL-] Tue Sep 15 01:35:57 2009: start_bots: reconnect
[-GLOBAL-] Tue Sep 15 01:35:57 2009: start_bots: reconnect
[-GLOBAL-] Tue Sep 15 01:35:57 2009: start_bots: reconnect
[-GLOBAL-] Tue Sep 15 01:35:57 2009: start_bots: reconnect
[-GLOBAL-] Tue Sep 15 01:35:57 2009: start_bots: reconnect
[-GLOBAL-] Tue Sep 15 01:35:57 2009: start_bots: reconnect
[-GLOBAL-] Tue Sep 15 01:35:57 2009: start_bots: reconnect
[-GLOBAL-] Tue Sep 15 01:35:57 2009: start_bots: reconnect
[-GLOBAL-] Tue Sep 15 01:35:57 2009: start_bots: reconnect
[-GLOBAL-] Tue Sep 15 01:35:57 2009: start_bots: reconnect
[-GLOBAL-] Tue Sep 15 01:35:57 2009: start_bots: reconnect
[-GLOBAL-] Tue Sep 15 01:35:58 2009: start_bots: reconnect
[-GLOBAL-] Tue Sep 15 01:40:29 2009: start_bots: rehashing
[-GLOBAL-] Tue Sep 15 01:40:30 2009: start_bots: reconnect
[-GLOBAL-] Tue Sep 15 01:40:30 2009: start_bots: reconnect
[-GLOBAL-] Tue Sep 15 01:40:30 2009: start_bots: reconnect
[-GLOBAL-] Tue Sep 15 01:40:30 2009: start_bots: reconnect
[-GLOBAL-] Tue Sep 15 01:40:30 2009: start_bots: reconnect
[-GLOBAL-] Tue Sep 15 01:40:30 2009: start_bots: reconnect
[-GLOBAL-] Tue Sep 15 01:40:30 2009: start_bots: reconnect
[-GLOBAL-] Tue Sep 15 01:40:30 2009: start_bots: reconnect
[-GLOBAL-] Tue Sep 15 01:40:30 2009: start_bots: reconnect
[-GLOBAL-] Tue Sep 15 01:40:30 2009: start_bots: reconnect
[-GLOBAL-] Tue Sep 15 01:40:30 2009: start_bots: reconnect
[-GLOBAL-] Tue Sep 15 01:40:30 2009: start_bots: reconnect
[-GLOBAL-] Tue Sep 15 01:40:30 2009: start_bots: reconnect
[-GLOBAL-] Tue Sep 15 01:40:30 2009: start_bots: reconnect
[-GLOBAL-] Tue Sep 15 01:40:30 2009: start_bots: reconnect
[-GLOBAL-] Tue Sep 15 01:40:30 2009: start_bots: reconnect
[-GLOBAL-] Tue Sep 15 01:40:30 2009: start_bots: reconnect
[-GLOBAL-] Tue Sep 15 01:40:30 2009: start_bots: reconnect
[-GLOBAL-] Tue Sep 15 01:40:30 2009: start_bots: reconnect
[-GLOBAL-] Tue Sep 15 01:40:30 2009: start_bots: reconnect
[-GLOBAL-] Tue Sep 15 01:40:30 2009: start_bots: reconnect
[-GLOBAL-] Tue Sep 15 01:40:30 2009: start_bots: reconnect
[-GLOBAL-] Tue Sep 15 01:40:30 2009: start_bots: reconnect
[-GLOBAL-] Tue Sep 15 01:40:30 2009: start_bots: reconnect
[-GLOBAL-] Tue Sep 15 01:40:30 2009: start_bots: reconnect
[-GLOBAL-] Tue Sep 15 01:40:30 2009: start_bots: reconnect
[-GLOBAL-] Tue Sep 15 01:40:30 2009: start_bots: reconnect
[-GLOBAL-] Tue Sep 15 01:40:30 2009: start_bots: reconnect
[-GLOBAL-] Tue Sep 15 01:40:30 2009: start_bots: reconnect
[-GLOBAL-] Tue Sep 15 01:40:30 2009: start_bots: reconnect
[-GLOBAL-] Tue Sep 15 01:40:30 2009: start_bots: reconnect
[-GLOBAL-] Tue Sep 15 01:40:30 2009: start_bots: reconnect
[-GLOBAL-] Tue Sep 15 01:40:30 2009: start_bots: reconnect
[-GLOBAL-] Tue Sep 15 01:40:30 2009: start_bots: reconnect
[-GLOBAL-] Tue Sep 15 01:40:30 2009: start_bots: reconnect
[-GLOBAL-] Tue Sep 15 01:40:30 2009: start_bots: reconnect
[-GLOBAL-] Tue Sep 15 01:40:30 2009: start_bots: reconnect
[-GLOBAL-] Tue Sep 15 01:40:30 2009: start_bots: reconnect
[-GLOBAL-] Tue Sep 15 01:40:30 2009: start_bots: reconnect
[-GLOBAL-] Tue Sep 15 01:40:30 2009: start_bots: reconnect
[-GLOBAL-] Tue Sep 15 01:40:30 2009: start_bots: reconnect
[-GLOBAL-] Tue Sep 15 01:40:30 2009: start_bots: reconnect
[-GLOBAL-] Tue Sep 15 01:40:30 2009: start_bots: reconnect
[-GLOBAL-] Tue Sep 15 01:40:30 2009: start_bots: reconnect
[-GLOBAL-] Tue Sep 15 01:40:30 2009: start_bots: reconnect
[-GLOBAL-] Tue Sep 15 01:40:30 2009: start_bots: reconnect
[-GLOBAL-] Tue Sep 15 01:40:30 2009: start_bots: reconnect
[-GLOBAL-] Tue Sep 15 01:40:30 2009: start_bots: reconnect
[-GLOBAL-] Tue Sep 15 01:40:30 2009: start_bots: reconnect
[-GLOBAL-] Tue Sep 15 01:40:30 2009: start_bots: reconnect
[-GLOBAL-] Tue Sep 15 01:40:30 2009: start_bots: reconnect
[-GLOBAL-] Tue Sep 15 01:40:30 2009: start_bots: reconnect
[-GLOBAL-] Tue Sep 15 01:40:30 2009: start_bots: reconnect
[-GLOBAL-] Tue Sep 15 01:40:30 2009: start_bots: reconnect
[-GLOBAL-] Tue Sep 15 01:40:30 2009: start_bots: reconnect
[-GLOBAL-] Tue Sep 15 01:40:30 2009: start_bots: reconnect
[-GLOBAL-] Tue Sep 15 01:40:30 2009: start_bots: reconnect
[-GLOBAL-] Tue Sep 15 01:40:30 2009: start_bots: reconnect
[-GLOBAL-] Tue Sep 15 01:40:30 2009: start_bots: reconnect
[-GLOBAL-] Tue Sep 15 01:40:30 2009: start_bots: reconnect
[-GLOBAL-] Tue Sep 15 01:40:30 2009: start_bots: reconnect
[-GLOBAL-] Tue Sep 15 01:40:30 2009: start_bots: reconnect
[-GLOBAL-] Tue Sep 15 01:40:30 2009: start_bots: reconnect
[-GLOBAL-] Tue Sep 15 01:40:30 2009: start_bots: reconnect
[-GLOBAL-] Tue Sep 15 01:40:31 2009: start_bots: reconnect
[-GLOBAL-] Tue Sep 15 01:40:32 2009: start_bots: reconnect
[-GLOBAL-] Tue Sep 15 01:40:32 2009: start_bots: reconnect
[-GLOBAL-] Tue Sep 15 01:40:32 2009: start_bots: reconnect
[-GLOBAL-] Tue Sep 15 01:40:32 2009: start_bots: reconnect
[-GLOBAL-] Tue Sep 15 01:40:32 2009: start_bots: reconnect
[-GLOBAL-] Tue Sep 15 01:40:32 2009: start_bots: reconnect
[-GLOBAL-] Tue Sep 15 01:40:32 2009: start_bots: reconnect
[-GLOBAL-] Tue Sep 15 01:40:32 2009: start_bots: reconnect
[-GLOBAL-] Tue Sep 15 01:40:33 2009: start_bots: reconnect
[-GLOBAL-] Tue Sep 15 01:40:33 2009: start_bots: reconnect
[-GLOBAL-] Tue Sep 15 01:40:33 2009: start_bots: reconnect
[-GLOBAL-] Tue Sep 15 01:40:35 2009: start_bots: reconnect
[-GLOBAL-] Tue Sep 15 01:40:35 2009: start_bots: reconnect
[-GLOBAL-] Tue Sep 15 01:40:37 2009: start_bots: reconnect
[-GLOBAL-] Tue Sep 15 01:40:47 2009: start_bots: reconnect
[-GLOBAL-] Tue Sep 15 01:40:59 2009: start_bots: reconnect
[-GLOBAL-] Tue Sep 15 01:41:22 2009: start_bots: reconnect
[-GLOBAL-] Tue Sep 15 01:42:02 2009: start_bots: reconnect
[-GLOBAL-] Tue Sep 15 01:42:42 2009: start_bots: reconnect
[-GLOBAL-] Tue Sep 15 01:43:20 2009: start_bots: reconnect
[-GLOBAL-] Tue Sep 15 01:43:20 2009: start_bots: reconnect
[-GLOBAL-] Tue Sep 15 01:43:20 2009: start_bots: reconnect
[-GLOBAL-] Tue Sep 15 01:43:20 2009: start_bots: reconnect
[-GLOBAL-] Tue Sep 15 01:43:20 2009: start_bots: reconnect
[-GLOBAL-] Tue Sep 15 01:43:20 2009: start_bots: reconnect
[-GLOBAL-] Tue Sep 15 01:43:20 2009: start_bots: reconnect
[-GLOBAL-] Tue Sep 15 01:43:20 2009: start_bots: reconnect
[-GLOBAL-] Tue Sep 15 01:43:20 2009: start_bots: reconnect
[-GLOBAL-] Tue Sep 15 01:43:20 2009: start_bots: reconnect
[-GLOBAL-] Tue Sep 15 01:43:21 2009: start_bots: reconnect
[-GLOBAL-] Tue Sep 15 01:43:21 2009: start_bots: reconnect
[-GLOBAL-] Tue Sep 15 01:43:23 2009: start_bots: reconnect
[-GLOBAL-] Tue Sep 15 01:43:23 2009: start_bots: reconnect
[-GLOBAL-] Tue Sep 15 01:43:25 2009: start_bots: reconnect
[-GLOBAL-] Tue Sep 15 01:43:25 2009: start_bots: reconnect
[-GLOBAL-] Tue Sep 15 01:43:27 2009: start_bots: reconnect
[-GLOBAL-] Tue Sep 15 01:43:28 2009: start_bots: reconnect
[-GLOBAL-] Tue Sep 15 01:43:40 2009: start_bots: reconnect
[-GLOBAL-] Tue Sep 15 01:44:00 2009: start_bots: reconnect
[-GLOBAL-] Tue Sep 15 01:44:01 2009: start_bots: reconnect
[-GLOBAL-] Tue Sep 15 01:44:09 2009: start_bots: reconnect
[-GLOBAL-] Tue Sep 15 01:44:27 2009: start_bots: reconnect
[-GLOBAL-] Tue Sep 15 01:45:07 2009: start_bots: reconnect
[-GLOBAL-] Tue Sep 15 01:45:47 2009: start_bots: reconnect
[-GLOBAL-] Tue Sep 15 01:46:27 2009: start_bots: reconnect
[-GLOBAL-] Tue Sep 15 01:47:07 2009: start_bots: reconnect
[-GLOBAL-] Tue Sep 15 01:47:12 2009: start_bots: reconnect
[-GLOBAL-] Tue Sep 15 01:47:19 2009: start_bots: reconnect
[-GLOBAL-] Tue Sep 15 01:47:59 2009: start_bots: reconnect
[-GLOBAL-] Tue Sep 15 01:48:00 2009: start_bots: reconnect
[-GLOBAL-] Tue Sep 15 01:55:32 2009: start_bots: rehashing
[-GLOBAL-] Tue Sep 15 01:55:33 2009: start_bots: reconnect
[-GLOBAL-] Tue Sep 15 01:55:33 2009: start_bots: reconnect
[-GLOBAL-] Tue Sep 15 01:55:33 2009: start_bots: reconnect
[-GLOBAL-] Tue Sep 15 01:55:33 2009: start_bots: reconnect
[-GLOBAL-] Tue Sep 15 01:55:33 2009: start_bots: reconnect
[-GLOBAL-] Tue Sep 15 01:55:33 2009: start_bots: reconnect
[-GLOBAL-] Tue Sep 15 01:55:33 2009: start_bots: reconnect
[-GLOBAL-] Tue Sep 15 01:55:33 2009: start_bots: reconnect
[-GLOBAL-] Tue Sep 15 01:55:33 2009: start_bots: reconnect
[-GLOBAL-] Tue Sep 15 01:55:33 2009: start_bots: reconnect
[-GLOBAL-] Tue Sep 15 01:55:33 2009: start_bots: reconnect
[-GLOBAL-] Tue Sep 15 01:55:33 2009: start_bots: reconnect
[-GLOBAL-] Tue Sep 15 01:55:33 2009: start_bots: reconnect
[-GLOBAL-] Tue Sep 15 01:55:33 2009: start_bots: reconnect
[-GLOBAL-] Tue Sep 15 01:55:33 2009: start_bots: reconnect
[-GLOBAL-] Tue Sep 15 01:55:33 2009: start_bots: reconnect
[-GLOBAL-] Tue Sep 15 01:55:33 2009: start_bots: reconnect
[-GLOBAL-] Tue Sep 15 01:55:33 2009: start_bots: reconnect
[-GLOBAL-] Tue Sep 15 01:55:33 2009: start_bots: reconnect
[-GLOBAL-] Tue Sep 15 01:55:33 2009: start_bots: reconnect
[-GLOBAL-] Tue Sep 15 01:55:33 2009: start_bots: reconnect
[-GLOBAL-] Tue Sep 15 01:55:33 2009: start_bots: reconnect
[-GLOBAL-] Tue Sep 15 01:55:33 2009: start_bots: reconnect
[-GLOBAL-] Tue Sep 15 01:55:33 2009: start_bots: reconnect
[-GLOBAL-] Tue Sep 15 01:55:33 2009: start_bots: reconnect
[-GLOBAL-] Tue Sep 15 01:55:33 2009: start_bots: reconnect
[-GLOBAL-] Tue Sep 15 01:55:33 2009: start_bots: reconnect
[-GLOBAL-] Tue Sep 15 01:55:33 2009: start_bots: reconnect
[-GLOBAL-] Tue Sep 15 01:55:33 2009: start_bots: reconnect
[-GLOBAL-] Tue Sep 15 01:55:33 2009: start_bots: reconnect
[-GLOBAL-] Tue Sep 15 01:55:33 2009: start_bots: reconnect
[-GLOBAL-] Tue Sep 15 01:55:33 2009: start_bots: reconnect
[-GLOBAL-] Tue Sep 15 01:55:33 2009: start_bots: reconnect
[-GLOBAL-] Tue Sep 15 01:55:33 2009: start_bots: reconnect
[-GLOBAL-] Tue Sep 15 01:55:33 2009: start_bots: reconnect
[-GLOBAL-] Tue Sep 15 01:55:33 2009: start_bots: reconnect
[-GLOBAL-] Tue Sep 15 01:55:33 2009: start_bots: reconnect
[-GLOBAL-] Tue Sep 15 01:55:33 2009: start_bots: reconnect
[-GLOBAL-] Tue Sep 15 01:55:33 2009: start_bots: reconnect
[-GLOBAL-] Tue Sep 15 01:55:33 2009: start_bots: reconnect
[-GLOBAL-] Tue Sep 15 01:55:33 2009: start_bots: reconnect
[-GLOBAL-] Tue Sep 15 01:55:33 2009: start_bots: reconnect
[-GLOBAL-] Tue Sep 15 01:55:33 2009: start_bots: reconnect
[-GLOBAL-] Tue Sep 15 01:55:33 2009: start_bots: reconnect
[-GLOBAL-] Tue Sep 15 01:55:33 2009: start_bots: reconnect
[-GLOBAL-] Tue Sep 15 01:55:33 2009: start_bots: reconnect
[-GLOBAL-] Tue Sep 15 01:55:33 2009: start_bots: reconnect
[-GLOBAL-] Tue Sep 15 01:55:33 2009: start_bots: reconnect
[-GLOBAL-] Tue Sep 15 01:55:33 2009: start_bots: reconnect
[-GLOBAL-] Tue Sep 15 01:55:33 2009: start_bots: reconnect
[-GLOBAL-] Tue Sep 15 01:55:33 2009: start_bots: reconnect
[-GLOBAL-] Tue Sep 15 01:55:33 2009: start_bots: reconnect
[-GLOBAL-] Tue Sep 15 01:55:33 2009: start_bots: reconnect
[-GLOBAL-] Tue Sep 15 01:55:33 2009: start_bots: reconnect
[-GLOBAL-] Tue Sep 15 01:55:33 2009: start_bots: reconnect
[-GLOBAL-] Tue Sep 15 01:55:33 2009: start_bots: reconnect
[-GLOBAL-] Tue Sep 15 01:55:33 2009: start_bots: reconnect
[-GLOBAL-] Tue Sep 15 01:55:33 2009: start_bots: reconnect
[-GLOBAL-] Tue Sep 15 01:55:33 2009: start_bots: reconnect
[-GLOBAL-] Tue Sep 15 01:55:33 2009: start_bots: reconnect
[-GLOBAL-] Tue Sep 15 01:55:33 2009: start_bots: reconnect
[-GLOBAL-] Tue Sep 15 01:55:33 2009: start_bots: reconnect
[-GLOBAL-] Tue Sep 15 01:55:33 2009: start_bots: reconnect
[-GLOBAL-] Tue Sep 15 01:55:33 2009: start_bots: reconnect
[-GLOBAL-] Tue Sep 15 01:55:33 2009: start_bots: reconnect
[-GLOBAL-] Tue Sep 15 01:55:33 2009: start_bots: reconnect
[-GLOBAL-] Tue Sep 15 01:55:33 2009: start_bots: reconnect
[-GLOBAL-] Tue Sep 15 01:55:33 2009: start_bots: reconnect
[-GLOBAL-] Tue Sep 15 01:55:35 2009: start_bots: reconnect
[-GLOBAL-] Tue Sep 15 01:55:35 2009: start_bots: reconnect
[-GLOBAL-] Tue Sep 15 01:55:35 2009: start_bots: reconnect
[-GLOBAL-] Tue Sep 15 01:55:35 2009: start_bots: reconnect
[-GLOBAL-] Tue Sep 15 01:55:35 2009: start_bots: reconnect
[-GLOBAL-] Tue Sep 15 01:55:35 2009: start_bots: reconnect
[-GLOBAL-] Tue Sep 15 01:55:35 2009: start_bots: reconnect
[-GLOBAL-] Tue Sep 15 01:55:36 2009: start_bots: reconnect
[-GLOBAL-] Tue Sep 15 01:55:36 2009: start_bots: reconnect
[-GLOBAL-] Tue Sep 15 01:55:38 2009: start_bots: reconnect
[-GLOBAL-] Tue Sep 15 01:55:38 2009: start_bots: reconnect
[-GLOBAL-] Tue Sep 15 01:55:40 2009: start_bots: reconnect
[-GLOBAL-] Tue Sep 15 01:55:50 2009: start_bots: reconnect
[-GLOBAL-] Tue Sep 15 01:56:03 2009: start_bots: reconnect
[-GLOBAL-] Tue Sep 15 01:56:43 2009: start_bots: reconnect
[-GLOBAL-] Tue Sep 15 01:56:53 2009: SIGNING OFF: Control-C (sigint) received
[-GLOBAL-] Tue Sep 15 01:56:56 2009: start_bots: rehashing
[-GLOBAL-] Tue Sep 15 01:56:56 2009: start_bots: reconnect
[-GLOBAL-] Tue Sep 15 01:56:56 2009: start_bots: reconnect
[-GLOBAL-] Tue Sep 15 01:56:56 2009: start_bots: reconnect
[-GLOBAL-] Tue Sep 15 01:56:56 2009: start_bots: reconnect
[-GLOBAL-] Tue Sep 15 01:56:56 2009: start_bots: reconnect
[-GLOBAL-] Tue Sep 15 01:56:56 2009: start_bots: reconnect
[-GLOBAL-] Tue Sep 15 01:56:56 2009: start_bots: reconnect
[-GLOBAL-] Tue Sep 15 01:56:56 2009: start_bots: reconnect
[-GLOBAL-] Tue Sep 15 01:56:56 2009: start_bots: reconnect
[-GLOBAL-] Tue Sep 15 01:56:56 2009: start_bots: reconnect
[-GLOBAL-] Tue Sep 15 01:56:56 2009: start_bots: reconnect
[-GLOBAL-] Tue Sep 15 01:56:56 2009: start_bots: reconnect
[-GLOBAL-] Tue Sep 15 01:56:56 2009: start_bots: reconnect
[-GLOBAL-] Tue Sep 15 01:56:56 2009: start_bots: reconnect
[-GLOBAL-] Tue Sep 15 01:56:56 2009: start_bots: reconnect
[-GLOBAL-] Tue Sep 15 01:56:56 2009: start_bots: reconnect
[-GLOBAL-] Tue Sep 15 01:56:56 2009: start_bots: reconnect
[-GLOBAL-] Tue Sep 15 01:56:56 2009: start_bots: reconnect
[-GLOBAL-] Tue Sep 15 01:56:56 2009: start_bots: reconnect
[-GLOBAL-] Tue Sep 15 01:56:56 2009: start_bots: reconnect
[-GLOBAL-] Tue Sep 15 01:56:56 2009: start_bots: reconnect
[-GLOBAL-] Tue Sep 15 01:56:56 2009: start_bots: reconnect
[-GLOBAL-] Tue Sep 15 01:56:56 2009: start_bots: reconnect
[-GLOBAL-] Tue Sep 15 01:56:56 2009: start_bots: reconnect
[-GLOBAL-] Tue Sep 15 01:56:56 2009: start_bots: reconnect
[-GLOBAL-] Tue Sep 15 01:56:56 2009: start_bots: reconnect
[-GLOBAL-] Tue Sep 15 01:56:56 2009: start_bots: reconnect
[-GLOBAL-] Tue Sep 15 01:56:56 2009: start_bots: reconnect
[-GLOBAL-] Tue Sep 15 01:56:56 2009: start_bots: reconnect
[-GLOBAL-] Tue Sep 15 01:56:56 2009: start_bots: reconnect
[-GLOBAL-] Tue Sep 15 01:56:56 2009: start_bots: reconnect
[-GLOBAL-] Tue Sep 15 01:56:56 2009: start_bots: reconnect
[-GLOBAL-] Tue Sep 15 01:56:56 2009: start_bots: reconnect
[-GLOBAL-] Tue Sep 15 01:56:56 2009: start_bots: reconnect
[-GLOBAL-] Tue Sep 15 01:56:56 2009: start_bots: reconnect
[-GLOBAL-] Tue Sep 15 01:56:56 2009: start_bots: reconnect
[-GLOBAL-] Tue Sep 15 01:56:56 2009: start_bots: reconnect
[-GLOBAL-] Tue Sep 15 01:56:56 2009: start_bots: reconnect
[-GLOBAL-] Tue Sep 15 01:56:56 2009: start_bots: reconnect
[-GLOBAL-] Tue Sep 15 01:56:56 2009: start_bots: reconnect
[-GLOBAL-] Tue Sep 15 01:56:56 2009: start_bots: reconnect
[-GLOBAL-] Tue Sep 15 01:56:56 2009: start_bots: reconnect
[-GLOBAL-] Tue Sep 15 01:56:56 2009: start_bots: reconnect
[-GLOBAL-] Tue Sep 15 01:56:56 2009: start_bots: reconnect
[-GLOBAL-] Tue Sep 15 01:56:56 2009: start_bots: reconnect
[-GLOBAL-] Tue Sep 15 01:56:56 2009: start_bots: reconnect
[-GLOBAL-] Tue Sep 15 01:56:56 2009: start_bots: reconnect
[-GLOBAL-] Tue Sep 15 01:56:56 2009: start_bots: reconnect
[-GLOBAL-] Tue Sep 15 01:56:56 2009: start_bots: reconnect
[-GLOBAL-] Tue Sep 15 01:56:56 2009: start_bots: reconnect
[-GLOBAL-] Tue Sep 15 01:56:56 2009: start_bots: reconnect
[-GLOBAL-] Tue Sep 15 01:56:56 2009: start_bots: reconnect
[-GLOBAL-] Tue Sep 15 01:56:56 2009: start_bots: reconnect
[-GLOBAL-] Tue Sep 15 01:56:56 2009: start_bots: reconnect
[-GLOBAL-] Tue Sep 15 01:56:56 2009: start_bots: reconnect
[-GLOBAL-] Tue Sep 15 01:56:56 2009: start_bots: reconnect
[-GLOBAL-] Tue Sep 15 01:56:56 2009: start_bots: reconnect
[-GLOBAL-] Tue Sep 15 01:56:56 2009: start_bots: reconnect
[-GLOBAL-] Tue Sep 15 01:56:56 2009: start_bots: reconnect
[-GLOBAL-] Tue Sep 15 01:56:56 2009: start_bots: reconnect
[-GLOBAL-] Tue Sep 15 01:56:56 2009: start_bots: reconnect
[-GLOBAL-] Tue Sep 15 01:56:56 2009: start_bots: reconnect
[-GLOBAL-] Tue Sep 15 01:56:57 2009: start_bots: reconnect
[-GLOBAL-] Tue Sep 15 01:56:57 2009: start_bots: reconnect
[-GLOBAL-] Tue Sep 15 01:56:57 2009: start_bots: reconnect
[-GLOBAL-] Tue Sep 15 01:56:57 2009: start_bots: reconnect
[-GLOBAL-] Tue Sep 15 01:56:57 2009: start_bots: reconnect
[-GLOBAL-] Tue Sep 15 01:56:57 2009: start_bots: reconnect
[-GLOBAL-] Tue Sep 15 01:56:57 2009: start_bots: reconnect
[-GLOBAL-] Tue Sep 15 01:56:57 2009: start_bots: reconnect
[-GLOBAL-] Tue Sep 15 01:56:58 2009: start_bots: reconnect
[-GLOBAL-] Tue Sep 15 01:56:58 2009: start_bots: reconnect
[-GLOBAL-] Tue Sep 15 01:56:58 2009: start_bots: reconnect
[-GLOBAL-] Tue Sep 15 01:56:58 2009: start_bots: reconnect
[-GLOBAL-] Tue Sep 15 01:56:58 2009: start_bots: reconnect
[-GLOBAL-] Tue Sep 15 01:56:58 2009: start_bots: reconnect
[-GLOBAL-] Tue Sep 15 01:56:58 2009: start_bots: reconnect
[-GLOBAL-] Tue Sep 15 01:56:58 2009: start_bots: reconnect
[-GLOBAL-] Tue Sep 15 01:56:59 2009: start_bots: reconnect
[-GLOBAL-] Tue Sep 15 01:56:59 2009: start_bots: reconnect
[-GLOBAL-] Tue Sep 15 01:56:59 2009: start_bots: reconnect
[-GLOBAL-] Tue Sep 15 01:57:01 2009: start_bots: reconnect
[-GLOBAL-] Tue Sep 15 01:57:01 2009: start_bots: reconnect
[-GLOBAL-] Tue Sep 15 01:57:03 2009: start_bots: reconnect
[-GLOBAL-] Tue Sep 15 01:57:07 2009: start_bots: reconnect
[-GLOBAL-] Tue Sep 15 01:57:32 2009: start_bots: reconnect
[-GLOBAL-] Tue Sep 15 01:57:37 2009: start_bots: reconnect
[-GLOBAL-] Tue Sep 15 01:57:48 2009: start_bots: reconnect
[-GLOBAL-] Tue Sep 15 01:58:14 2009: start_bots: reconnect
[-GLOBAL-] Tue Sep 15 01:58:54 2009: start_bots: reconnect
[-GLOBAL-] Tue Sep 15 01:58:59 2009: start_bots: reconnect
[-GLOBAL-] Tue Sep 15 01:59:10 2009: start_bots: reconnect
[-GLOBAL-] Tue Sep 15 01:59:34 2009: start_bots: reconnect
[-GLOBAL-] Tue Sep 15 01:59:43 2009: start_bots: reconnect
[-GLOBAL-] Tue Sep 15 01:59:53 2009: start_bots: reconnect
[-GLOBAL-] Tue Sep 15 02:00:13 2009: start_bots: reconnect
[-GLOBAL-] Tue Sep 15 02:00:21 2009: start_bots: reconnect
[-GLOBAL-] Tue Sep 15 02:01:01 2009: start_bots: reconnect
[-GLOBAL-] Tue Sep 15 02:01:01 2009: start_bots: reconnect
[-GLOBAL-] Tue Sep 15 02:01:41 2009: start_bots: reconnect
[-GLOBAL-] Tue Sep 15 02:02:21 2009: start_bots: reconnect
[-GLOBAL-] Tue Sep 15 02:03:01 2009: start_bots: reconnect
[-GLOBAL-] Tue Sep 15 02:03:41 2009: start_bots: reconnect
[-GLOBAL-] Tue Sep 15 02:04:02 2009: start_bots: reconnect
[-GLOBAL-] Tue Sep 15 02:04:42 2009: start_bots: reconnect
[-GLOBAL-] Tue Sep 15 02:05:22 2009: start_bots: reconnect
[-GLOBAL-] Tue Sep 15 02:06:02 2009: start_bots: reconnect
[-GLOBAL-] Tue Sep 15 02:06:42 2009: start_bots: reconnect
[-GLOBAL-] Tue Sep 15 02:07:03 2009: start_bots: reconnect
[-GLOBAL-] Tue Sep 15 02:07:43 2009: start_bots: reconnect
[-GLOBAL-] Tue Sep 15 02:08:23 2009: start_bots: reconnect
[-GLOBAL-] Tue Sep 15 02:09:03 2009: start_bots: reconnect
[-GLOBAL-] Tue Sep 15 02:09:43 2009: start_bots: reconnect
[-GLOBAL-] Tue Sep 15 02:10:04 2009: start_bots: reconnect
[-GLOBAL-] Tue Sep 15 02:10:44 2009: start_bots: reconnect
