[-GLOBAL-] Sun Sep 13 13:01:33 2009: start_bots: rehashing
[-GLOBAL-] Sun Sep 13 13:01:33 2009: bot_rehash: avant quit_all_bots
[-GLOBAL-] Sun Sep 13 13:01:33 2009: bot_rehash: avant readcfg
[-GLOBAL-] Sun Sep 13 13:01:33 2009: bot_rehash: avant readlevelfiles
[-GLOBAL-] Sun Sep 13 13:01:33 2009: bot_rehash: avant start_all_bots
[-GLOBAL-] Sun Sep 13 13:01:33 2009: start_bots: reconnect
[-GLOBAL-] Sun Sep 13 13:01:33 2009: start_bots: reconnect
[-GLOBAL-] Sun Sep 13 13:01:33 2009: start_bots: reconnect
[-GLOBAL-] Sun Sep 13 13:01:33 2009: start_bots: reconnect
[-GLOBAL-] Sun Sep 13 13:01:33 2009: start_bots: reconnect
[-GLOBAL-] Sun Sep 13 13:01:33 2009: start_bots: reconnect
[-GLOBAL-] Sun Sep 13 13:01:33 2009: start_bots: reconnect
[-GLOBAL-] Sun Sep 13 13:01:33 2009: start_bots: reconnect
[-GLOBAL-] Sun Sep 13 13:01:33 2009: start_bots: reconnect
[-GLOBAL-] Sun Sep 13 13:01:33 2009: start_bots: reconnect
[-GLOBAL-] Sun Sep 13 13:01:33 2009: start_bots: reconnect
[-GLOBAL-] Sun Sep 13 13:01:33 2009: start_bots: reconnect
[-GLOBAL-] Sun Sep 13 13:01:33 2009: start_bots: reconnect
[-GLOBAL-] Sun Sep 13 13:01:33 2009: start_bots: reconnect
[-GLOBAL-] Sun Sep 13 13:01:33 2009: start_bots: reconnect
[-GLOBAL-] Sun Sep 13 13:01:33 2009: start_bots: reconnect
[-GLOBAL-] Sun Sep 13 13:01:33 2009: start_bots: reconnect
[-GLOBAL-] Sun Sep 13 13:01:33 2009: start_bots: reconnect
[-GLOBAL-] Sun Sep 13 13:01:33 2009: start_bots: reconnect
[-GLOBAL-] Sun Sep 13 13:01:33 2009: start_bots: reconnect
[-GLOBAL-] Sun Sep 13 13:01:33 2009: start_bots: reconnect
[-GLOBAL-] Sun Sep 13 13:01:33 2009: start_bots: reconnect
[-GLOBAL-] Sun Sep 13 13:01:33 2009: start_bots: reconnect
[-GLOBAL-] Sun Sep 13 13:01:33 2009: start_bots: reconnect
[-GLOBAL-] Sun Sep 13 13:01:33 2009: start_bots: reconnect
[-GLOBAL-] Sun Sep 13 13:01:33 2009: start_bots: reconnect
[-GLOBAL-] Sun Sep 13 13:01:33 2009: start_bots: reconnect
[-GLOBAL-] Sun Sep 13 13:01:33 2009: start_bots: reconnect
[-GLOBAL-] Sun Sep 13 13:01:33 2009: start_bots: reconnect
[-GLOBAL-] Sun Sep 13 13:01:33 2009: start_bots: reconnect
[-GLOBAL-] Sun Sep 13 13:01:33 2009: start_bots: reconnect
[-GLOBAL-] Sun Sep 13 13:01:33 2009: start_bots: reconnect
[-GLOBAL-] Sun Sep 13 13:01:33 2009: start_bots: reconnect
[-GLOBAL-] Sun Sep 13 13:01:33 2009: start_bots: reconnect
[-GLOBAL-] Sun Sep 13 13:01:33 2009: start_bots: reconnect
[-GLOBAL-] Sun Sep 13 13:01:33 2009: start_bots: reconnect
[-GLOBAL-] Sun Sep 13 13:01:33 2009: start_bots: reconnect
[-GLOBAL-] Sun Sep 13 13:01:33 2009: start_bots: reconnect
[-GLOBAL-] Sun Sep 13 13:01:33 2009: start_bots: reconnect
[-GLOBAL-] Sun Sep 13 13:01:33 2009: start_bots: reconnect
[-GLOBAL-] Sun Sep 13 13:01:33 2009: start_bots: reconnect
[-GLOBAL-] Sun Sep 13 13:01:33 2009: start_bots: reconnect
[-GLOBAL-] Sun Sep 13 13:01:33 2009: start_bots: reconnect
[-GLOBAL-] Sun Sep 13 13:01:33 2009: start_bots: reconnect
[-GLOBAL-] Sun Sep 13 13:01:33 2009: start_bots: reconnect
[-GLOBAL-] Sun Sep 13 13:01:33 2009: start_bots: reconnect
[-GLOBAL-] Sun Sep 13 13:01:33 2009: start_bots: reconnect
[-GLOBAL-] Sun Sep 13 13:01:33 2009: start_bots: reconnect
[-GLOBAL-] Sun Sep 13 13:01:33 2009: start_bots: reconnect
[-GLOBAL-] Sun Sep 13 13:01:33 2009: start_bots: reconnect
[-GLOBAL-] Sun Sep 13 13:01:33 2009: start_bots: reconnect
[-GLOBAL-] Sun Sep 13 13:01:33 2009: start_bots: reconnect
[-GLOBAL-] Sun Sep 13 13:01:33 2009: start_bots: reconnect
[-GLOBAL-] Sun Sep 13 13:01:33 2009: start_bots: reconnect
[-GLOBAL-] Sun Sep 13 13:01:33 2009: start_bots: reconnect
[-GLOBAL-] Sun Sep 13 13:01:33 2009: start_bots: reconnect
[-GLOBAL-] Sun Sep 13 13:01:33 2009: start_bots: reconnect
[-GLOBAL-] Sun Sep 13 13:01:33 2009: start_bots: reconnect
[-GLOBAL-] Sun Sep 13 13:01:33 2009: start_bots: reconnect
[-GLOBAL-] Sun Sep 13 13:01:33 2009: start_bots: reconnect
[-GLOBAL-] Sun Sep 13 13:01:33 2009: start_bots: reconnect
[-GLOBAL-] Sun Sep 13 13:01:33 2009: start_bots: reconnect
[-GLOBAL-] Sun Sep 13 13:01:33 2009: start_bots: reconnect
[-GLOBAL-] Sun Sep 13 13:01:33 2009: start_bots: reconnect
[-GLOBAL-] Sun Sep 13 13:01:33 2009: start_bots: reconnect
[-GLOBAL-] Sun Sep 13 13:01:33 2009: start_bots: reconnect
[-GLOBAL-] Sun Sep 13 13:01:33 2009: start_bots: reconnect
[-GLOBAL-] Sun Sep 13 13:01:33 2009: start_bots: reconnect
[-GLOBAL-] Sun Sep 13 13:01:33 2009: start_bots: reconnect
[-GLOBAL-] Sun Sep 13 13:01:33 2009: start_bots: reconnect
[-GLOBAL-] Sun Sep 13 13:01:35 2009: start_bots: reconnect
[-GLOBAL-] Sun Sep 13 13:01:35 2009: start_bots: reconnect
[-GLOBAL-] Sun Sep 13 13:01:35 2009: start_bots: reconnect
[-GLOBAL-] Sun Sep 13 13:01:35 2009: start_bots: reconnect
[-GLOBAL-] Sun Sep 13 13:01:35 2009: start_bots: reconnect
[-GLOBAL-] Sun Sep 13 13:01:35 2009: start_bots: reconnect
[-GLOBAL-] Sun Sep 13 13:01:35 2009: start_bots: reconnect
[-GLOBAL-] Sun Sep 13 13:01:35 2009: start_bots: reconnect
[-GLOBAL-] Sun Sep 13 13:01:35 2009: start_bots: reconnect
[-GLOBAL-] Sun Sep 13 13:01:35 2009: start_bots: reconnect
[-GLOBAL-] Sun Sep 13 13:01:35 2009: start_bots: reconnect
[-GLOBAL-] Sun Sep 13 13:01:36 2009: start_bots: reconnect
[-GLOBAL-] Sun Sep 13 13:01:36 2009: start_bots: reconnect
[-GLOBAL-] Sun Sep 13 13:01:38 2009: start_bots: reconnect
[-GLOBAL-] Sun Sep 13 13:01:38 2009: start_bots: reconnect
[-GLOBAL-] Sun Sep 13 13:01:40 2009: start_bots: reconnect
[-GLOBAL-] Sun Sep 13 13:01:44 2009: start_bots: reconnect
[-GLOBAL-] Sun Sep 13 13:01:46 2009: start_bots: reconnect
[-GLOBAL-] Sun Sep 13 13:01:46 2009: start_bots: reconnect
[-GLOBAL-] Sun Sep 13 13:01:48 2009: start_bots: reconnect
[-GLOBAL-] Sun Sep 13 13:01:48 2009: start_bots: reconnect
[-GLOBAL-] Sun Sep 13 13:01:50 2009: start_bots: reconnect
[-GLOBAL-] Sun Sep 13 13:01:50 2009: start_bots: reconnect
[-GLOBAL-] Sun Sep 13 13:01:52 2009: start_bots: reconnect
[-GLOBAL-] Sun Sep 13 13:02:24 2009: start_bots: reconnect
[-GLOBAL-] Sun Sep 13 13:02:24 2009: start_bots: reconnect
[-GLOBAL-] Sun Sep 13 13:02:24 2009: start_bots: reconnect
[-GLOBAL-] Sun Sep 13 13:03:04 2009: start_bots: reconnect
[-GLOBAL-] Sun Sep 13 13:03:44 2009: start_bots: reconnect
[-GLOBAL-] Sun Sep 13 13:04:24 2009: start_bots: reconnect
[-GLOBAL-] Sun Sep 13 13:05:04 2009: start_bots: reconnect
[-GLOBAL-] Sun Sep 13 13:05:04 2009: start_bots: reconnect
[-GLOBAL-] Sun Sep 13 13:05:44 2009: start_bots: reconnect
[-GLOBAL-] Sun Sep 13 13:06:24 2009: start_bots: reconnect
[-GLOBAL-] Sun Sep 13 13:07:04 2009: start_bots: reconnect
[-GLOBAL-] Sun Sep 13 13:07:44 2009: start_bots: reconnect
[-GLOBAL-] Sun Sep 13 13:08:05 2009: start_bots: reconnect
[-GLOBAL-] Sun Sep 13 13:08:45 2009: start_bots: reconnect
[-GLOBAL-] Sun Sep 13 13:09:25 2009: start_bots: reconnect
[-GLOBAL-] Sun Sep 13 13:10:03 2009: start_bots: reconnect
[-GLOBAL-] Sun Sep 13 13:10:10 2009: start_bots: reconnect
[-GLOBAL-] Sun Sep 13 13:10:16 2009: SIGNING OFF: Control-C (sigint) received
